2021-02-24 16:41:02,194 [Worker-6: Loading available Gradle versions] INFO  o.e.b.c.i.u.g.PublishedGradleVersions - Gradle version information cache is out-of-date. Trying to update.
2021-02-24 16:45:03,298 [Worker-3: Import Getting Started Content] INFO  o.e.m.c.i.l.LifecycleMappingFactory - Using org.eclipse.m2e.jdt.JarLifecycleMapping lifecycle mapping for MavenProject: com.example:api-gateway:0.0.1-SNAPSHOT @ /Users/vgovindarajalu/Desktop/git/java/SampleProjects/ApiGateway/api-gateway/pom.xml.
2021-02-24 16:45:11,198 [Worker-3: Import Getting Started Content] INFO  o.e.m.c.i.e.AbstractTransferListenerAdapter - Downloading https://repo1.maven.org/maven2/org/springframework/cloud/spring-cloud-starter-gateway/3.0.1/spring-cloud-starter-gateway-3.0.1.pom
2021-02-24 16:45:11,281 [Worker-3: Import Getting Started Content] INFO  o.e.m.c.i.e.AbstractTransferListenerAdapter - Downloaded https://repo1.maven.org/maven2/org/springframework/cloud/spring-cloud-starter-gateway/3.0.1/spring-cloud-starter-gateway-3.0.1.pom
2021-02-24 16:45:11,299 [Worker-3: Import Getting Started Content] INFO  o.e.m.c.i.e.AbstractTransferListenerAdapter - Downloading https://repo1.maven.org/maven2/org/springframework/cloud/spring-cloud-gateway/3.0.1/spring-cloud-gateway-3.0.1.pom
2021-02-24 16:45:11,322 [Worker-3: Import Getting Started Content] INFO  o.e.m.c.i.e.AbstractTransferListenerAdapter - Downloaded https://repo1.maven.org/maven2/org/springframework/cloud/spring-cloud-gateway/3.0.1/spring-cloud-gateway-3.0.1.pom
2021-02-24 16:45:11,423 [Worker-3: Import Getting Started Content] INFO  o.e.m.c.i.e.AbstractTransferListenerAdapter - Downloading https://repo1.maven.org/maven2/org/springframework/cloud/spring-cloud-gateway-server/3.0.1/spring-cloud-gateway-server-3.0.1.pom
2021-02-24 16:45:11,453 [Worker-3: Import Getting Started Content] INFO  o.e.m.c.i.e.AbstractTransferListenerAdapter - Downloaded https://repo1.maven.org/maven2/org/springframework/cloud/spring-cloud-gateway-server/3.0.1/spring-cloud-gateway-server-3.0.1.pom
2021-02-24 16:45:11,503 [Worker-3: Import Getting Started Content] INFO  o.e.m.c.i.e.AbstractTransferListenerAdapter - Downloading https://repo1.maven.org/maven2/org/springframework/boot/spring-boot-starter-webflux/2.4.3/spring-boot-starter-webflux-2.4.3.pom
2021-02-24 16:45:11,538 [Worker-3: Import Getting Started Content] INFO  o.e.m.c.i.e.AbstractTransferListenerAdapter - Downloaded https://repo1.maven.org/maven2/org/springframework/boot/spring-boot-starter-webflux/2.4.3/spring-boot-starter-webflux-2.4.3.pom
2021-02-24 16:45:11,563 [Worker-3: Import Getting Started Content] INFO  o.e.m.c.i.e.AbstractTransferListenerAdapter - Downloading https://repo1.maven.org/maven2/org/springframework/boot/spring-boot-starter-reactor-netty/2.4.3/spring-boot-starter-reactor-netty-2.4.3.pom
2021-02-24 16:45:11,579 [Worker-3: Import Getting Started Content] INFO  o.e.m.c.i.e.AbstractTransferListenerAdapter - Downloaded https://repo1.maven.org/maven2/org/springframework/boot/spring-boot-starter-reactor-netty/2.4.3/spring-boot-starter-reactor-netty-2.4.3.pom
2021-02-24 16:45:11,595 [Worker-3: Import Getting Started Content] INFO  o.e.m.c.i.e.AbstractTransferListenerAdapter - Downloading https://repo1.maven.org/maven2/io/projectreactor/netty/reactor-netty-http/1.0.4/reactor-netty-http-1.0.4.pom
2021-02-24 16:45:11,634 [Worker-3: Import Getting Started Content] INFO  o.e.m.c.i.e.AbstractTransferListenerAdapter - Downloaded https://repo1.maven.org/maven2/io/projectreactor/netty/reactor-netty-http/1.0.4/reactor-netty-http-1.0.4.pom
2021-02-24 16:45:11,681 [Worker-3: Import Getting Started Content] INFO  o.e.m.c.i.e.AbstractTransferListenerAdapter - Downloading https://repo1.maven.org/maven2/io/netty/netty-codec-http/4.1.59.Final/netty-codec-http-4.1.59.Final.pom
2021-02-24 16:45:11,702 [Worker-3: Import Getting Started Content] INFO  o.e.m.c.i.e.AbstractTransferListenerAdapter - Downloaded https://repo1.maven.org/maven2/io/netty/netty-codec-http/4.1.59.Final/netty-codec-http-4.1.59.Final.pom
2021-02-24 16:45:11,738 [Worker-3: Import Getting Started Content] INFO  o.e.m.c.i.e.AbstractTransferListenerAdapter - Downloading https://repo1.maven.org/maven2/io/netty/netty-parent/4.1.59.Final/netty-parent-4.1.59.Final.pom
2021-02-24 16:45:11,799 [Worker-3: Import Getting Started Content] INFO  o.e.m.c.i.e.AbstractTransferListenerAdapter - Downloaded https://repo1.maven.org/maven2/io/netty/netty-parent/4.1.59.Final/netty-parent-4.1.59.Final.pom
2021-02-24 16:45:11,816 [Worker-3: Import Getting Started Content] INFO  o.e.m.c.i.e.AbstractTransferListenerAdapter - Downloading https://repo1.maven.org/maven2/io/netty/netty-common/4.1.59.Final/netty-common-4.1.59.Final.pom
2021-02-24 16:45:11,837 [Worker-3: Import Getting Started Content] INFO  o.e.m.c.i.e.AbstractTransferListenerAdapter - Downloaded https://repo1.maven.org/maven2/io/netty/netty-common/4.1.59.Final/netty-common-4.1.59.Final.pom
2021-02-24 16:45:11,860 [Worker-3: Import Getting Started Content] INFO  o.e.m.c.i.e.AbstractTransferListenerAdapter - Downloading https://repo1.maven.org/maven2/io/netty/netty-buffer/4.1.59.Final/netty-buffer-4.1.59.Final.pom
2021-02-24 16:45:11,877 [Worker-3: Import Getting Started Content] INFO  o.e.m.c.i.e.AbstractTransferListenerAdapter - Downloaded https://repo1.maven.org/maven2/io/netty/netty-buffer/4.1.59.Final/netty-buffer-4.1.59.Final.pom
2021-02-24 16:45:11,904 [Worker-3: Import Getting Started Content] INFO  o.e.m.c.i.e.AbstractTransferListenerAdapter - Downloading https://repo1.maven.org/maven2/io/netty/netty-transport/4.1.59.Final/netty-transport-4.1.59.Final.pom
2021-02-24 16:45:11,929 [Worker-3: Import Getting Started Content] INFO  o.e.m.c.i.e.AbstractTransferListenerAdapter - Downloaded https://repo1.maven.org/maven2/io/netty/netty-transport/4.1.59.Final/netty-transport-4.1.59.Final.pom
2021-02-24 16:45:11,942 [Worker-3: Import Getting Started Content] INFO  o.e.m.c.i.e.AbstractTransferListenerAdapter - Downloading https://repo1.maven.org/maven2/io/netty/netty-resolver/4.1.59.Final/netty-resolver-4.1.59.Final.pom
2021-02-24 16:45:11,959 [Worker-3: Import Getting Started Content] INFO  o.e.m.c.i.e.AbstractTransferListenerAdapter - Downloaded https://repo1.maven.org/maven2/io/netty/netty-resolver/4.1.59.Final/netty-resolver-4.1.59.Final.pom
2021-02-24 16:45:11,976 [Worker-3: Import Getting Started Content] INFO  o.e.m.c.i.e.AbstractTransferListenerAdapter - Downloading https://repo1.maven.org/maven2/io/netty/netty-codec/4.1.59.Final/netty-codec-4.1.59.Final.pom
2021-02-24 16:45:11,996 [Worker-3: Import Getting Started Content] INFO  o.e.m.c.i.e.AbstractTransferListenerAdapter - Downloaded https://repo1.maven.org/maven2/io/netty/netty-codec/4.1.59.Final/netty-codec-4.1.59.Final.pom
2021-02-24 16:45:12,012 [Worker-3: Import Getting Started Content] INFO  o.e.m.c.i.e.AbstractTransferListenerAdapter - Downloading https://repo1.maven.org/maven2/io/netty/netty-handler/4.1.59.Final/netty-handler-4.1.59.Final.pom
2021-02-24 16:45:12,081 [Worker-3: Import Getting Started Content] INFO  o.e.m.c.i.e.AbstractTransferListenerAdapter - Downloaded https://repo1.maven.org/maven2/io/netty/netty-handler/4.1.59.Final/netty-handler-4.1.59.Final.pom
2021-02-24 16:45:12,104 [Worker-3: Import Getting Started Content] INFO  o.e.m.c.i.e.AbstractTransferListenerAdapter - Downloading https://repo1.maven.org/maven2/io/netty/netty-codec-http2/4.1.59.Final/netty-codec-http2-4.1.59.Final.pom
2021-02-24 16:45:12,121 [Worker-3: Import Getting Started Content] INFO  o.e.m.c.i.e.AbstractTransferListenerAdapter - Downloaded https://repo1.maven.org/maven2/io/netty/netty-codec-http2/4.1.59.Final/netty-codec-http2-4.1.59.Final.pom
2021-02-24 16:45:12,137 [Worker-3: Import Getting Started Content] INFO  o.e.m.c.i.e.AbstractTransferListenerAdapter - Downloading https://repo1.maven.org/maven2/io/netty/netty-resolver-dns/4.1.59.Final/netty-resolver-dns-4.1.59.Final.pom
2021-02-24 16:45:12,154 [Worker-3: Import Getting Started Content] INFO  o.e.m.c.i.e.AbstractTransferListenerAdapter - Downloaded https://repo1.maven.org/maven2/io/netty/netty-resolver-dns/4.1.59.Final/netty-resolver-dns-4.1.59.Final.pom
2021-02-24 16:45:12,171 [Worker-3: Import Getting Started Content] INFO  o.e.m.c.i.e.AbstractTransferListenerAdapter - Downloading https://repo1.maven.org/maven2/io/netty/netty-codec-dns/4.1.59.Final/netty-codec-dns-4.1.59.Final.pom
2021-02-24 16:45:12,194 [Worker-3: Import Getting Started Content] INFO  o.e.m.c.i.e.AbstractTransferListenerAdapter - Downloaded https://repo1.maven.org/maven2/io/netty/netty-codec-dns/4.1.59.Final/netty-codec-dns-4.1.59.Final.pom
2021-02-24 16:45:12,236 [Worker-3: Import Getting Started Content] INFO  o.e.m.c.i.e.AbstractTransferListenerAdapter - Downloading https://repo1.maven.org/maven2/io/netty/netty-resolver-dns-native-macos/4.1.59.Final/netty-resolver-dns-native-macos-4.1.59.Final.pom
2021-02-24 16:45:12,256 [Worker-3: Import Getting Started Content] INFO  o.e.m.c.i.e.AbstractTransferListenerAdapter - Downloaded https://repo1.maven.org/maven2/io/netty/netty-resolver-dns-native-macos/4.1.59.Final/netty-resolver-dns-native-macos-4.1.59.Final.pom
2021-02-24 16:45:12,275 [Worker-3: Import Getting Started Content] INFO  o.e.m.c.i.e.AbstractTransferListenerAdapter - Downloading https://repo1.maven.org/maven2/io/netty/netty-transport-native-unix-common/4.1.59.Final/netty-transport-native-unix-common-4.1.59.Final.pom
2021-02-24 16:45:12,309 [Worker-3: Import Getting Started Content] INFO  o.e.m.c.i.e.AbstractTransferListenerAdapter - Downloaded https://repo1.maven.org/maven2/io/netty/netty-transport-native-unix-common/4.1.59.Final/netty-transport-native-unix-common-4.1.59.Final.pom
2021-02-24 16:45:12,326 [Worker-3: Import Getting Started Content] INFO  o.e.m.c.i.e.AbstractTransferListenerAdapter - Downloading https://repo1.maven.org/maven2/io/netty/netty-transport-native-epoll/4.1.59.Final/netty-transport-native-epoll-4.1.59.Final.pom
2021-02-24 16:45:12,351 [Worker-3: Import Getting Started Content] INFO  o.e.m.c.i.e.AbstractTransferListenerAdapter - Downloaded https://repo1.maven.org/maven2/io/netty/netty-transport-native-epoll/4.1.59.Final/netty-transport-native-epoll-4.1.59.Final.pom
2021-02-24 16:45:12,374 [Worker-3: Import Getting Started Content] INFO  o.e.m.c.i.e.AbstractTransferListenerAdapter - Downloading https://repo1.maven.org/maven2/io/projectreactor/netty/reactor-netty-core/1.0.4/reactor-netty-core-1.0.4.pom
2021-02-24 16:45:12,394 [Worker-3: Import Getting Started Content] INFO  o.e.m.c.i.e.AbstractTransferListenerAdapter - Downloaded https://repo1.maven.org/maven2/io/projectreactor/netty/reactor-netty-core/1.0.4/reactor-netty-core-1.0.4.pom
2021-02-24 16:45:12,422 [Worker-3: Import Getting Started Content] INFO  o.e.m.c.i.e.AbstractTransferListenerAdapter - Downloading https://repo1.maven.org/maven2/io/netty/netty-handler-proxy/4.1.59.Final/netty-handler-proxy-4.1.59.Final.pom
2021-02-24 16:45:12,445 [Worker-3: Import Getting Started Content] INFO  o.e.m.c.i.e.AbstractTransferListenerAdapter - Downloaded https://repo1.maven.org/maven2/io/netty/netty-handler-proxy/4.1.59.Final/netty-handler-proxy-4.1.59.Final.pom
2021-02-24 16:45:12,465 [Worker-3: Import Getting Started Content] INFO  o.e.m.c.i.e.AbstractTransferListenerAdapter - Downloading https://repo1.maven.org/maven2/io/netty/netty-codec-socks/4.1.59.Final/netty-codec-socks-4.1.59.Final.pom
2021-02-24 16:45:12,487 [Worker-3: Import Getting Started Content] INFO  o.e.m.c.i.e.AbstractTransferListenerAdapter - Downloaded https://repo1.maven.org/maven2/io/netty/netty-codec-socks/4.1.59.Final/netty-codec-socks-4.1.59.Final.pom
2021-02-24 16:45:12,505 [Worker-3: Import Getting Started Content] INFO  o.e.m.c.i.e.AbstractTransferListenerAdapter - Downloading https://repo1.maven.org/maven2/org/springframework/spring-webflux/5.3.4/spring-webflux-5.3.4.pom
2021-02-24 16:45:12,582 [Worker-3: Import Getting Started Content] INFO  o.e.m.c.i.e.AbstractTransferListenerAdapter - Downloaded https://repo1.maven.org/maven2/org/springframework/spring-webflux/5.3.4/spring-webflux-5.3.4.pom
2021-02-24 16:45:12,792 [AetherRepositoryConnector-repo1.maven.org-0-0] INFO  o.e.m.c.i.e.AbstractTransferListenerAdapter - Downloading https://repo1.maven.org/maven2/org/springframework/cloud/spring-cloud-starter-gateway/3.0.1/spring-cloud-starter-gateway-3.0.1.jar
2021-02-24 16:45:12,808 [AetherRepositoryConnector-repo1.maven.org-0-1] INFO  o.e.m.c.i.e.AbstractTransferListenerAdapter - Downloading https://repo1.maven.org/maven2/org/springframework/cloud/spring-cloud-gateway-server/3.0.1/spring-cloud-gateway-server-3.0.1.jar
2021-02-24 16:45:12,981 [AetherRepositoryConnector-repo1.maven.org-0-2] INFO  o.e.m.c.i.e.AbstractTransferListenerAdapter - Downloading https://repo1.maven.org/maven2/org/springframework/boot/spring-boot-starter-webflux/2.4.3/spring-boot-starter-webflux-2.4.3.jar
2021-02-24 16:45:12,981 [AetherRepositoryConnector-repo1.maven.org-0-4] INFO  o.e.m.c.i.e.AbstractTransferListenerAdapter - Downloading https://repo1.maven.org/maven2/io/projectreactor/netty/reactor-netty-http/1.0.4/reactor-netty-http-1.0.4.jar
2021-02-24 16:45:12,981 [AetherRepositoryConnector-repo1.maven.org-0-3] INFO  o.e.m.c.i.e.AbstractTransferListenerAdapter - Downloading https://repo1.maven.org/maven2/org/springframework/boot/spring-boot-starter-reactor-netty/2.4.3/spring-boot-starter-reactor-netty-2.4.3.jar
2021-02-24 16:45:12,989 [AetherRepositoryConnector-repo1.maven.org-0-0] INFO  o.e.m.c.i.e.AbstractTransferListenerAdapter - Downloaded https://repo1.maven.org/maven2/org/springframework/cloud/spring-cloud-starter-gateway/3.0.1/spring-cloud-starter-gateway-3.0.1.jar
2021-02-24 16:45:13,203 [AetherRepositoryConnector-repo1.maven.org-0-0] INFO  o.e.m.c.i.e.AbstractTransferListenerAdapter - Downloading https://repo1.maven.org/maven2/io/netty/netty-codec-http/4.1.59.Final/netty-codec-http-4.1.59.Final.jar
2021-02-24 16:45:13,225 [AetherRepositoryConnector-repo1.maven.org-0-2] INFO  o.e.m.c.i.e.AbstractTransferListenerAdapter - Downloaded https://repo1.maven.org/maven2/org/springframework/boot/spring-boot-starter-webflux/2.4.3/spring-boot-starter-webflux-2.4.3.jar
2021-02-24 16:45:13,269 [AetherRepositoryConnector-repo1.maven.org-0-3] INFO  o.e.m.c.i.e.AbstractTransferListenerAdapter - Downloaded https://repo1.maven.org/maven2/org/springframework/boot/spring-boot-starter-reactor-netty/2.4.3/spring-boot-starter-reactor-netty-2.4.3.jar
2021-02-24 16:45:13,506 [AetherRepositoryConnector-repo1.maven.org-0-2] INFO  o.e.m.c.i.e.AbstractTransferListenerAdapter - Downloading https://repo1.maven.org/maven2/io/netty/netty-common/4.1.59.Final/netty-common-4.1.59.Final.jar
2021-02-24 16:45:13,541 [AetherRepositoryConnector-repo1.maven.org-0-3] INFO  o.e.m.c.i.e.AbstractTransferListenerAdapter - Downloading https://repo1.maven.org/maven2/io/netty/netty-buffer/4.1.59.Final/netty-buffer-4.1.59.Final.jar
2021-02-24 16:45:13,555 [AetherRepositoryConnector-repo1.maven.org-0-4] INFO  o.e.m.c.i.e.AbstractTransferListenerAdapter - Downloaded https://repo1.maven.org/maven2/io/projectreactor/netty/reactor-netty-http/1.0.4/reactor-netty-http-1.0.4.jar
2021-02-24 16:45:13,881 [AetherRepositoryConnector-repo1.maven.org-0-1] INFO  o.e.m.c.i.e.AbstractTransferListenerAdapter - Downloaded https://repo1.maven.org/maven2/org/springframework/cloud/spring-cloud-gateway-server/3.0.1/spring-cloud-gateway-server-3.0.1.jar
2021-02-24 16:45:14,047 [AetherRepositoryConnector-repo1.maven.org-0-4] INFO  o.e.m.c.i.e.AbstractTransferListenerAdapter - Downloading https://repo1.maven.org/maven2/io/netty/netty-transport/4.1.59.Final/netty-transport-4.1.59.Final.jar
2021-02-24 16:45:14,323 [AetherRepositoryConnector-repo1.maven.org-0-1] INFO  o.e.m.c.i.e.AbstractTransferListenerAdapter - Downloading https://repo1.maven.org/maven2/io/netty/netty-codec/4.1.59.Final/netty-codec-4.1.59.Final.jar
2021-02-24 16:45:15,068 [AetherRepositoryConnector-repo1.maven.org-0-3] INFO  o.e.m.c.i.e.AbstractTransferListenerAdapter - Downloaded https://repo1.maven.org/maven2/io/netty/netty-buffer/4.1.59.Final/netty-buffer-4.1.59.Final.jar
2021-02-24 16:45:15,193 [AetherRepositoryConnector-repo1.maven.org-0-0] INFO  o.e.m.c.i.e.AbstractTransferListenerAdapter - Downloaded https://repo1.maven.org/maven2/io/netty/netty-codec-http/4.1.59.Final/netty-codec-http-4.1.59.Final.jar
2021-02-24 16:45:15,333 [AetherRepositoryConnector-repo1.maven.org-0-3] INFO  o.e.m.c.i.e.AbstractTransferListenerAdapter - Downloading https://repo1.maven.org/maven2/io/netty/netty-handler/4.1.59.Final/netty-handler-4.1.59.Final.jar
2021-02-24 16:45:15,443 [AetherRepositoryConnector-repo1.maven.org-0-0] INFO  o.e.m.c.i.e.AbstractTransferListenerAdapter - Downloading https://repo1.maven.org/maven2/io/netty/netty-codec-http2/4.1.59.Final/netty-codec-http2-4.1.59.Final.jar
2021-02-24 16:45:15,518 [AetherRepositoryConnector-repo1.maven.org-0-1] INFO  o.e.m.c.i.e.AbstractTransferListenerAdapter - Downloaded https://repo1.maven.org/maven2/io/netty/netty-codec/4.1.59.Final/netty-codec-4.1.59.Final.jar
2021-02-24 16:45:15,616 [AetherRepositoryConnector-repo1.maven.org-0-4] INFO  o.e.m.c.i.e.AbstractTransferListenerAdapter - Downloaded https://repo1.maven.org/maven2/io/netty/netty-transport/4.1.59.Final/netty-transport-4.1.59.Final.jar
2021-02-24 16:45:15,616 [AetherRepositoryConnector-repo1.maven.org-0-2] INFO  o.e.m.c.i.e.AbstractTransferListenerAdapter - Downloaded https://repo1.maven.org/maven2/io/netty/netty-common/4.1.59.Final/netty-common-4.1.59.Final.jar
2021-02-24 16:45:15,777 [AetherRepositoryConnector-repo1.maven.org-0-1] INFO  o.e.m.c.i.e.AbstractTransferListenerAdapter - Downloading https://repo1.maven.org/maven2/io/netty/netty-resolver-dns/4.1.59.Final/netty-resolver-dns-4.1.59.Final.jar
2021-02-24 16:45:15,834 [AetherRepositoryConnector-repo1.maven.org-0-4] INFO  o.e.m.c.i.e.AbstractTransferListenerAdapter - Downloading https://repo1.maven.org/maven2/io/netty/netty-resolver/4.1.59.Final/netty-resolver-4.1.59.Final.jar
2021-02-24 16:45:15,889 [AetherRepositoryConnector-repo1.maven.org-0-2] INFO  o.e.m.c.i.e.AbstractTransferListenerAdapter - Downloading https://repo1.maven.org/maven2/io/netty/netty-codec-dns/4.1.59.Final/netty-codec-dns-4.1.59.Final.jar
2021-02-24 16:45:16,158 [AetherRepositoryConnector-repo1.maven.org-0-4] INFO  o.e.m.c.i.e.AbstractTransferListenerAdapter - Downloaded https://repo1.maven.org/maven2/io/netty/netty-resolver/4.1.59.Final/netty-resolver-4.1.59.Final.jar
2021-02-24 16:45:16,160 [AetherRepositoryConnector-repo1.maven.org-0-3] INFO  o.e.m.c.i.e.AbstractTransferListenerAdapter - Downloaded https://repo1.maven.org/maven2/io/netty/netty-handler/4.1.59.Final/netty-handler-4.1.59.Final.jar
2021-02-24 16:45:16,160 [AetherRepositoryConnector-repo1.maven.org-0-2] INFO  o.e.m.c.i.e.AbstractTransferListenerAdapter - Downloaded https://repo1.maven.org/maven2/io/netty/netty-codec-dns/4.1.59.Final/netty-codec-dns-4.1.59.Final.jar
2021-02-24 16:45:16,164 [AetherRepositoryConnector-repo1.maven.org-0-1] INFO  o.e.m.c.i.e.AbstractTransferListenerAdapter - Downloaded https://repo1.maven.org/maven2/io/netty/netty-resolver-dns/4.1.59.Final/netty-resolver-dns-4.1.59.Final.jar
2021-02-24 16:45:16,180 [AetherRepositoryConnector-repo1.maven.org-0-0] INFO  o.e.m.c.i.e.AbstractTransferListenerAdapter - Downloaded https://repo1.maven.org/maven2/io/netty/netty-codec-http2/4.1.59.Final/netty-codec-http2-4.1.59.Final.jar
2021-02-24 16:45:16,190 [AetherRepositoryConnector-repo1.maven.org-0-4] INFO  o.e.m.c.i.e.AbstractTransferListenerAdapter - Downloading https://repo1.maven.org/maven2/io/netty/netty-resolver-dns-native-macos/4.1.59.Final/netty-resolver-dns-native-macos-4.1.59.Final-osx-x86_64.jar
2021-02-24 16:45:16,206 [AetherRepositoryConnector-repo1.maven.org-0-3] INFO  o.e.m.c.i.e.AbstractTransferListenerAdapter - Downloading https://repo1.maven.org/maven2/io/netty/netty-transport-native-unix-common/4.1.59.Final/netty-transport-native-unix-common-4.1.59.Final.jar
2021-02-24 16:45:16,229 [AetherRepositoryConnector-repo1.maven.org-0-2] INFO  o.e.m.c.i.e.AbstractTransferListenerAdapter - Downloading https://repo1.maven.org/maven2/io/netty/netty-transport-native-epoll/4.1.59.Final/netty-transport-native-epoll-4.1.59.Final-linux-x86_64.jar
2021-02-24 16:45:16,332 [AetherRepositoryConnector-repo1.maven.org-0-0] INFO  o.e.m.c.i.e.AbstractTransferListenerAdapter - Downloading https://repo1.maven.org/maven2/io/netty/netty-handler-proxy/4.1.59.Final/netty-handler-proxy-4.1.59.Final.jar
2021-02-24 16:45:16,348 [AetherRepositoryConnector-repo1.maven.org-0-1] INFO  o.e.m.c.i.e.AbstractTransferListenerAdapter - Downloading https://repo1.maven.org/maven2/io/projectreactor/netty/reactor-netty-core/1.0.4/reactor-netty-core-1.0.4.jar
2021-02-24 16:45:16,460 [AetherRepositoryConnector-repo1.maven.org-0-3] INFO  o.e.m.c.i.e.AbstractTransferListenerAdapter - Downloaded https://repo1.maven.org/maven2/io/netty/netty-transport-native-unix-common/4.1.59.Final/netty-transport-native-unix-common-4.1.59.Final.jar
2021-02-24 16:45:16,509 [AetherRepositoryConnector-repo1.maven.org-0-4] INFO  o.e.m.c.i.e.AbstractTransferListenerAdapter - Downloaded https://repo1.maven.org/maven2/io/netty/netty-resolver-dns-native-macos/4.1.59.Final/netty-resolver-dns-native-macos-4.1.59.Final-osx-x86_64.jar
2021-02-24 16:45:16,573 [AetherRepositoryConnector-repo1.maven.org-0-0] INFO  o.e.m.c.i.e.AbstractTransferListenerAdapter - Downloaded https://repo1.maven.org/maven2/io/netty/netty-handler-proxy/4.1.59.Final/netty-handler-proxy-4.1.59.Final.jar
2021-02-24 16:45:16,573 [AetherRepositoryConnector-repo1.maven.org-0-2] INFO  o.e.m.c.i.e.AbstractTransferListenerAdapter - Downloaded https://repo1.maven.org/maven2/io/netty/netty-transport-native-epoll/4.1.59.Final/netty-transport-native-epoll-4.1.59.Final-linux-x86_64.jar
2021-02-24 16:45:16,584 [AetherRepositoryConnector-repo1.maven.org-0-3] INFO  o.e.m.c.i.e.AbstractTransferListenerAdapter - Downloading https://repo1.maven.org/maven2/io/netty/netty-codec-socks/4.1.59.Final/netty-codec-socks-4.1.59.Final.jar
2021-02-24 16:45:16,663 [AetherRepositoryConnector-repo1.maven.org-0-4] INFO  o.e.m.c.i.e.AbstractTransferListenerAdapter - Downloading https://repo1.maven.org/maven2/org/springframework/spring-webflux/5.3.4/spring-webflux-5.3.4.jar
2021-02-24 16:45:16,828 [AetherRepositoryConnector-repo1.maven.org-0-1] INFO  o.e.m.c.i.e.AbstractTransferListenerAdapter - Downloaded https://repo1.maven.org/maven2/io/projectreactor/netty/reactor-netty-core/1.0.4/reactor-netty-core-1.0.4.jar
2021-02-24 16:45:16,885 [AetherRepositoryConnector-repo1.maven.org-0-3] INFO  o.e.m.c.i.e.AbstractTransferListenerAdapter - Downloaded https://repo1.maven.org/maven2/io/netty/netty-codec-socks/4.1.59.Final/netty-codec-socks-4.1.59.Final.jar
2021-02-24 16:45:17,292 [AetherRepositoryConnector-repo1.maven.org-0-4] INFO  o.e.m.c.i.e.AbstractTransferListenerAdapter - Downloaded https://repo1.maven.org/maven2/org/springframework/spring-webflux/5.3.4/spring-webflux-5.3.4.jar
2021-02-24 16:45:18,025 [Worker-3: Import Getting Started Content] INFO  o.e.m.j.i.AbstractJavaProjectConfigurator - Adding source folder /api-gateway/src/main/java
2021-02-24 16:45:18,025 [Worker-3: Import Getting Started Content] INFO  o.e.m.j.i.AbstractJavaProjectConfigurator - Adding resource folder /api-gateway/src/main/resources
2021-02-24 16:45:18,029 [Worker-3: Import Getting Started Content] INFO  o.e.m.j.i.AbstractJavaProjectConfigurator - Adding resource folder /api-gateway/src/main/resources
2021-02-24 16:45:18,033 [Worker-3: Import Getting Started Content] INFO  o.e.m.j.i.AbstractJavaProjectConfigurator - Adding source folder /api-gateway/src/test/java
2021-02-24 16:45:18,924 [Worker-3: Import Getting Started Content] INFO  o.e.m.c.i.p.ProjectConfigurationManager - Imported and configured 1 project(s) in 17 sec
2021-02-24 16:45:18,926 [Worker-3: Import Getting Started Content] INFO  o.e.m.c.i.p.ProjectConfigurationManager - Update started
2021-02-24 16:45:19,069 [Worker-15: Download sources and javadoc] INFO  o.e.m.c.i.e.AbstractTransferListenerAdapter - Downloaded https://repo1.maven.org/maven2/org/springframework/cloud/spring-cloud-starter-gateway/3.0.1/spring-cloud-starter-gateway-3.0.1-sources.jar
2021-02-24 16:45:19,072 [Worker-15: Download sources and javadoc] ERROR o.e.m.j.internal.DownloadSourcesJob - Could not download sources for org.springframework.cloud:spring-cloud-starter-gateway:3.0.1
org.eclipse.core.runtime.CoreException: Could not resolve artifact org.springframework.cloud:spring-cloud-starter-gateway:jar:sources:3.0.1
	at org.eclipse.m2e.core.internal.embedder.MavenImpl.lambda$4(MavenImpl.java:804)
	at org.eclipse.m2e.core.internal.embedder.MavenExecutionContext.executeBare(MavenExecutionContext.java:179)
	at org.eclipse.m2e.core.internal.embedder.MavenExecutionContext.execute(MavenExecutionContext.java:114)
	at org.eclipse.m2e.core.internal.embedder.MavenExecutionContext.execute(MavenExecutionContext.java:101)
	at org.eclipse.m2e.core.internal.embedder.MavenImpl.resolve(MavenImpl.java:772)
	at org.eclipse.m2e.core.internal.embedder.MavenImpl.resolve(MavenImpl.java:749)
	at org.eclipse.m2e.jdt.internal.DownloadSourcesJob.download(DownloadSourcesJob.java:330)
	at org.eclipse.m2e.jdt.internal.DownloadSourcesJob.downloadAttachments(DownloadSourcesJob.java:304)
	at org.eclipse.m2e.jdt.internal.DownloadSourcesJob.downloadMaven(DownloadSourcesJob.java:269)
	at org.eclipse.m2e.jdt.internal.DownloadSourcesJob.downloadFilesAndPopulateToUpdate(DownloadSourcesJob.java:233)
	at org.eclipse.m2e.jdt.internal.DownloadSourcesJob.lambda$0(DownloadSourcesJob.java:161)
	at org.eclipse.m2e.core.internal.embedder.MavenExecutionContext.executeBare(MavenExecutionContext.java:179)
	at org.eclipse.m2e.core.internal.embedder.MavenExecutionContext.execute(MavenExecutionContext.java:153)
	at org.eclipse.m2e.core.internal.embedder.MavenExecutionContext.execute(MavenExecutionContext.java:101)
	at org.eclipse.m2e.core.internal.embedder.MavenImpl.execute(MavenImpl.java:1374)
	at org.eclipse.m2e.jdt.internal.DownloadSourcesJob.run(DownloadSourcesJob.java:161)
	at org.eclipse.core.internal.jobs.Worker.run(Worker.java:63)
2021-02-24 16:45:19,166 [Worker-15: Download sources and javadoc] INFO  o.e.m.c.i.e.AbstractTransferListenerAdapter - Downloading https://repo1.maven.org/maven2/org/springframework/cloud/spring-cloud-gateway-server/3.0.1/spring-cloud-gateway-server-3.0.1-sources.jar
2021-02-24 16:45:19,202 [Worker-3: Import Getting Started Content] INFO  o.e.m.c.i.l.LifecycleMappingFactory - Using org.eclipse.m2e.jdt.JarLifecycleMapping lifecycle mapping for MavenProject: com.example:api-gateway:0.0.1-SNAPSHOT @ /Users/vgovindarajalu/Desktop/git/java/SampleProjects/ApiGateway/api-gateway/pom.xml.
2021-02-24 16:45:19,418 [Worker-15: Download sources and javadoc] INFO  o.e.m.c.i.e.AbstractTransferListenerAdapter - Downloaded https://repo1.maven.org/maven2/org/springframework/cloud/spring-cloud-gateway-server/3.0.1/spring-cloud-gateway-server-3.0.1-sources.jar
2021-02-24 16:45:19,421 [Worker-15: Download sources and javadoc] INFO  o.e.m.j.internal.DownloadSourcesJob - Downloaded sources for org.springframework.cloud:spring-cloud-gateway-server:3.0.1
2021-02-24 16:45:19,529 [Worker-15: Download sources and javadoc] INFO  o.e.m.c.i.e.AbstractTransferListenerAdapter - Downloading https://repo1.maven.org/maven2/org/springframework/boot/spring-boot-starter-webflux/2.4.3/spring-boot-starter-webflux-2.4.3-sources.jar
2021-02-24 16:45:19,603 [Worker-15: Download sources and javadoc] INFO  o.e.m.c.i.e.AbstractTransferListenerAdapter - Downloaded https://repo1.maven.org/maven2/org/springframework/boot/spring-boot-starter-webflux/2.4.3/spring-boot-starter-webflux-2.4.3-sources.jar
2021-02-24 16:45:19,604 [Worker-15: Download sources and javadoc] INFO  o.e.m.j.internal.DownloadSourcesJob - Downloaded sources for org.springframework.boot:spring-boot-starter-webflux:2.4.3
2021-02-24 16:45:19,848 [Worker-3: Import Getting Started Content] INFO  o.e.m.j.i.AbstractJavaProjectConfigurator - Adding source folder /api-gateway/src/main/java
2021-02-24 16:45:19,848 [Worker-3: Import Getting Started Content] INFO  o.e.m.j.i.AbstractJavaProjectConfigurator - Adding resource folder /api-gateway/src/main/resources
2021-02-24 16:45:19,848 [Worker-3: Import Getting Started Content] INFO  o.e.m.j.i.AbstractJavaProjectConfigurator - Adding resource folder /api-gateway/src/main/resources
2021-02-24 16:45:19,849 [Worker-3: Import Getting Started Content] INFO  o.e.m.j.i.AbstractJavaProjectConfigurator - Adding source folder /api-gateway/src/test/java
2021-02-24 16:45:19,999 [Worker-15: Download sources and javadoc] INFO  o.e.m.c.i.e.AbstractTransferListenerAdapter - Downloading https://repo1.maven.org/maven2/org/springframework/boot/spring-boot-starter-reactor-netty/2.4.3/spring-boot-starter-reactor-netty-2.4.3-sources.jar
2021-02-24 16:45:20,067 [Worker-15: Download sources and javadoc] INFO  o.e.m.c.i.e.AbstractTransferListenerAdapter - Downloaded https://repo1.maven.org/maven2/org/springframework/boot/spring-boot-starter-reactor-netty/2.4.3/spring-boot-starter-reactor-netty-2.4.3-sources.jar
2021-02-24 16:45:20,068 [Worker-15: Download sources and javadoc] INFO  o.e.m.j.internal.DownloadSourcesJob - Downloaded sources for org.springframework.boot:spring-boot-starter-reactor-netty:2.4.3
2021-02-24 16:45:20,213 [Worker-15: Download sources and javadoc] INFO  o.e.m.c.i.e.AbstractTransferListenerAdapter - Downloading https://repo1.maven.org/maven2/io/projectreactor/netty/reactor-netty-http/1.0.4/reactor-netty-http-1.0.4-sources.jar
2021-02-24 16:45:20,343 [Worker-15: Download sources and javadoc] INFO  o.e.m.c.i.e.AbstractTransferListenerAdapter - Downloaded https://repo1.maven.org/maven2/io/projectreactor/netty/reactor-netty-http/1.0.4/reactor-netty-http-1.0.4-sources.jar
2021-02-24 16:45:20,344 [Worker-15: Download sources and javadoc] INFO  o.e.m.j.internal.DownloadSourcesJob - Downloaded sources for io.projectreactor.netty:reactor-netty-http:1.0.4
2021-02-24 16:45:20,511 [Worker-15: Download sources and javadoc] INFO  o.e.m.c.i.e.AbstractTransferListenerAdapter - Downloading https://repo1.maven.org/maven2/io/netty/netty-codec-http/4.1.59.Final/netty-codec-http-4.1.59.Final-sources.jar
2021-02-24 16:45:20,622 [Worker-3: Import Getting Started Content] INFO  o.e.m.c.i.p.ProjectConfigurationManager - Update completed: 1 sec
2021-02-24 16:45:20,849 [Worker-15: Download sources and javadoc] INFO  o.e.m.c.i.e.AbstractTransferListenerAdapter - Downloaded https://repo1.maven.org/maven2/io/netty/netty-codec-http/4.1.59.Final/netty-codec-http-4.1.59.Final-sources.jar
2021-02-24 16:45:20,851 [Worker-15: Download sources and javadoc] INFO  o.e.m.j.internal.DownloadSourcesJob - Downloaded sources for io.netty:netty-codec-http:4.1.59.Final
2021-02-24 16:45:20,946 [Worker-15: Download sources and javadoc] INFO  o.e.m.c.i.e.AbstractTransferListenerAdapter - Downloading https://repo1.maven.org/maven2/io/netty/netty-common/4.1.59.Final/netty-common-4.1.59.Final-sources.jar
2021-02-24 16:45:21,021 [Worker-16: Building] INFO  o.e.m.c.i.embedder.EclipseLogger - Using 'UTF-8' encoding to copy filtered resources.
2021-02-24 16:45:21,021 [Worker-16: Building] INFO  o.e.m.c.i.embedder.EclipseLogger - Using 'UTF-8' encoding to copy filtered properties files.
2021-02-24 16:45:21,024 [Worker-16: Building] INFO  o.e.m.c.i.embedder.EclipseLogger - Copying 1 resource
2021-02-24 16:45:21,037 [Worker-16: Building] INFO  o.e.m.c.i.embedder.EclipseLogger - Copying 0 resource
2021-02-24 16:45:21,039 [Worker-16: Building] INFO  o.e.m.c.i.embedder.EclipseLogger - Using 'UTF-8' encoding to copy filtered resources.
2021-02-24 16:45:21,039 [Worker-16: Building] INFO  o.e.m.c.i.embedder.EclipseLogger - Using 'UTF-8' encoding to copy filtered properties files.
2021-02-24 16:45:21,039 [Worker-16: Building] INFO  o.e.m.c.i.embedder.EclipseLogger - skip non existing resourceDirectory /Users/vgovindarajalu/Desktop/git/java/SampleProjects/ApiGateway/api-gateway/src/test/resources
2021-02-24 16:45:21,353 [Worker-15: Download sources and javadoc] INFO  o.e.m.c.i.e.AbstractTransferListenerAdapter - Downloaded https://repo1.maven.org/maven2/io/netty/netty-common/4.1.59.Final/netty-common-4.1.59.Final-sources.jar
2021-02-24 16:45:21,355 [Worker-15: Download sources and javadoc] INFO  o.e.m.j.internal.DownloadSourcesJob - Downloaded sources for io.netty:netty-common:4.1.59.Final
2021-02-24 16:45:21,471 [Worker-15: Download sources and javadoc] INFO  o.e.m.c.i.e.AbstractTransferListenerAdapter - Downloading https://repo1.maven.org/maven2/io/netty/netty-buffer/4.1.59.Final/netty-buffer-4.1.59.Final-sources.jar
2021-02-24 16:45:21,649 [Worker-15: Download sources and javadoc] INFO  o.e.m.c.i.e.AbstractTransferListenerAdapter - Downloaded https://repo1.maven.org/maven2/io/netty/netty-buffer/4.1.59.Final/netty-buffer-4.1.59.Final-sources.jar
2021-02-24 16:45:21,651 [Worker-15: Download sources and javadoc] INFO  o.e.m.j.internal.DownloadSourcesJob - Downloaded sources for io.netty:netty-buffer:4.1.59.Final
2021-02-24 16:45:21,762 [Worker-15: Download sources and javadoc] INFO  o.e.m.c.i.e.AbstractTransferListenerAdapter - Downloading https://repo1.maven.org/maven2/io/netty/netty-transport/4.1.59.Final/netty-transport-4.1.59.Final-sources.jar
2021-02-24 16:45:21,991 [Worker-15: Download sources and javadoc] INFO  o.e.m.c.i.e.AbstractTransferListenerAdapter - Downloaded https://repo1.maven.org/maven2/io/netty/netty-transport/4.1.59.Final/netty-transport-4.1.59.Final-sources.jar
2021-02-24 16:45:21,993 [Worker-15: Download sources and javadoc] INFO  o.e.m.j.internal.DownloadSourcesJob - Downloaded sources for io.netty:netty-transport:4.1.59.Final
2021-02-24 16:45:22,112 [Worker-15: Download sources and javadoc] INFO  o.e.m.c.i.e.AbstractTransferListenerAdapter - Downloading https://repo1.maven.org/maven2/io/netty/netty-codec/4.1.59.Final/netty-codec-4.1.59.Final-sources.jar
2021-02-24 16:45:22,301 [Worker-15: Download sources and javadoc] INFO  o.e.m.c.i.e.AbstractTransferListenerAdapter - Downloaded https://repo1.maven.org/maven2/io/netty/netty-codec/4.1.59.Final/netty-codec-4.1.59.Final-sources.jar
2021-02-24 16:45:22,302 [Worker-15: Download sources and javadoc] INFO  o.e.m.j.internal.DownloadSourcesJob - Downloaded sources for io.netty:netty-codec:4.1.59.Final
2021-02-24 16:45:22,413 [Worker-15: Download sources and javadoc] INFO  o.e.m.c.i.e.AbstractTransferListenerAdapter - Downloading https://repo1.maven.org/maven2/io/netty/netty-handler/4.1.59.Final/netty-handler-4.1.59.Final-sources.jar
2021-02-24 16:45:22,673 [Worker-15: Download sources and javadoc] INFO  o.e.m.c.i.e.AbstractTransferListenerAdapter - Downloaded https://repo1.maven.org/maven2/io/netty/netty-handler/4.1.59.Final/netty-handler-4.1.59.Final-sources.jar
2021-02-24 16:45:22,674 [Worker-15: Download sources and javadoc] INFO  o.e.m.j.internal.DownloadSourcesJob - Downloaded sources for io.netty:netty-handler:4.1.59.Final
2021-02-24 16:45:22,777 [Worker-15: Download sources and javadoc] INFO  o.e.m.c.i.e.AbstractTransferListenerAdapter - Downloading https://repo1.maven.org/maven2/io/netty/netty-codec-http2/4.1.59.Final/netty-codec-http2-4.1.59.Final-sources.jar
2021-02-24 16:45:22,998 [Worker-15: Download sources and javadoc] INFO  o.e.m.c.i.e.AbstractTransferListenerAdapter - Downloaded https://repo1.maven.org/maven2/io/netty/netty-codec-http2/4.1.59.Final/netty-codec-http2-4.1.59.Final-sources.jar
2021-02-24 16:45:22,999 [Worker-15: Download sources and javadoc] INFO  o.e.m.j.internal.DownloadSourcesJob - Downloaded sources for io.netty:netty-codec-http2:4.1.59.Final
2021-02-24 16:45:23,096 [Worker-15: Download sources and javadoc] INFO  o.e.m.c.i.e.AbstractTransferListenerAdapter - Downloading https://repo1.maven.org/maven2/io/netty/netty-resolver-dns/4.1.59.Final/netty-resolver-dns-4.1.59.Final-sources.jar
2021-02-24 16:45:23,181 [Worker-15: Download sources and javadoc] INFO  o.e.m.c.i.e.AbstractTransferListenerAdapter - Downloaded https://repo1.maven.org/maven2/io/netty/netty-resolver-dns/4.1.59.Final/netty-resolver-dns-4.1.59.Final-sources.jar
2021-02-24 16:45:23,183 [Worker-15: Download sources and javadoc] INFO  o.e.m.j.internal.DownloadSourcesJob - Downloaded sources for io.netty:netty-resolver-dns:4.1.59.Final
2021-02-24 16:45:23,294 [Worker-15: Download sources and javadoc] INFO  o.e.m.c.i.e.AbstractTransferListenerAdapter - Downloading https://repo1.maven.org/maven2/io/netty/netty-resolver/4.1.59.Final/netty-resolver-4.1.59.Final-sources.jar
2021-02-24 16:45:23,428 [Worker-15: Download sources and javadoc] INFO  o.e.m.c.i.e.AbstractTransferListenerAdapter - Downloaded https://repo1.maven.org/maven2/io/netty/netty-resolver/4.1.59.Final/netty-resolver-4.1.59.Final-sources.jar
2021-02-24 16:45:23,430 [Worker-15: Download sources and javadoc] INFO  o.e.m.j.internal.DownloadSourcesJob - Downloaded sources for io.netty:netty-resolver:4.1.59.Final
2021-02-24 16:45:23,541 [Worker-15: Download sources and javadoc] INFO  o.e.m.c.i.e.AbstractTransferListenerAdapter - Downloading https://repo1.maven.org/maven2/io/netty/netty-codec-dns/4.1.59.Final/netty-codec-dns-4.1.59.Final-sources.jar
2021-02-24 16:45:23,640 [Worker-15: Download sources and javadoc] INFO  o.e.m.c.i.e.AbstractTransferListenerAdapter - Downloaded https://repo1.maven.org/maven2/io/netty/netty-codec-dns/4.1.59.Final/netty-codec-dns-4.1.59.Final-sources.jar
2021-02-24 16:45:23,641 [Worker-15: Download sources and javadoc] INFO  o.e.m.j.internal.DownloadSourcesJob - Downloaded sources for io.netty:netty-codec-dns:4.1.59.Final
2021-02-24 16:45:23,749 [Worker-15: Download sources and javadoc] INFO  o.e.m.c.i.e.AbstractTransferListenerAdapter - Downloading https://repo1.maven.org/maven2/io/netty/netty-resolver-dns-native-macos/4.1.59.Final/netty-resolver-dns-native-macos-4.1.59.Final-sources.jar
2021-02-24 16:45:23,824 [Worker-15: Download sources and javadoc] INFO  o.e.m.c.i.e.AbstractTransferListenerAdapter - Downloaded https://repo1.maven.org/maven2/io/netty/netty-resolver-dns-native-macos/4.1.59.Final/netty-resolver-dns-native-macos-4.1.59.Final-sources.jar
2021-02-24 16:45:23,826 [Worker-15: Download sources and javadoc] INFO  o.e.m.j.internal.DownloadSourcesJob - Downloaded sources for io.netty:netty-resolver-dns-native-macos:4.1.59.Final:osx-x86_64
2021-02-24 16:45:23,955 [Worker-15: Download sources and javadoc] INFO  o.e.m.c.i.e.AbstractTransferListenerAdapter - Downloading https://repo1.maven.org/maven2/io/netty/netty-transport-native-unix-common/4.1.59.Final/netty-transport-native-unix-common-4.1.59.Final-sources.jar
2021-02-24 16:45:24,009 [Worker-15: Download sources and javadoc] INFO  o.e.m.c.i.e.AbstractTransferListenerAdapter - Downloaded https://repo1.maven.org/maven2/io/netty/netty-transport-native-unix-common/4.1.59.Final/netty-transport-native-unix-common-4.1.59.Final-sources.jar
2021-02-24 16:45:24,011 [Worker-15: Download sources and javadoc] INFO  o.e.m.j.internal.DownloadSourcesJob - Downloaded sources for io.netty:netty-transport-native-unix-common:4.1.59.Final
2021-02-24 16:45:24,122 [Worker-15: Download sources and javadoc] INFO  o.e.m.c.i.e.AbstractTransferListenerAdapter - Downloading https://repo1.maven.org/maven2/io/netty/netty-transport-native-epoll/4.1.59.Final/netty-transport-native-epoll-4.1.59.Final-sources.jar
2021-02-24 16:45:24,195 [Worker-15: Download sources and javadoc] INFO  o.e.m.c.i.e.AbstractTransferListenerAdapter - Downloaded https://repo1.maven.org/maven2/io/netty/netty-transport-native-epoll/4.1.59.Final/netty-transport-native-epoll-4.1.59.Final-sources.jar
2021-02-24 16:45:24,198 [Worker-15: Download sources and javadoc] INFO  o.e.m.j.internal.DownloadSourcesJob - Downloaded sources for io.netty:netty-transport-native-epoll:4.1.59.Final:linux-x86_64
2021-02-24 16:45:24,302 [Worker-15: Download sources and javadoc] INFO  o.e.m.c.i.e.AbstractTransferListenerAdapter - Downloading https://repo1.maven.org/maven2/io/projectreactor/netty/reactor-netty-core/1.0.4/reactor-netty-core-1.0.4-sources.jar
2021-02-24 16:45:24,438 [Worker-15: Download sources and javadoc] INFO  o.e.m.c.i.e.AbstractTransferListenerAdapter - Downloaded https://repo1.maven.org/maven2/io/projectreactor/netty/reactor-netty-core/1.0.4/reactor-netty-core-1.0.4-sources.jar
2021-02-24 16:45:24,440 [Worker-15: Download sources and javadoc] INFO  o.e.m.j.internal.DownloadSourcesJob - Downloaded sources for io.projectreactor.netty:reactor-netty-core:1.0.4
2021-02-24 16:45:24,549 [Worker-15: Download sources and javadoc] INFO  o.e.m.c.i.e.AbstractTransferListenerAdapter - Downloading https://repo1.maven.org/maven2/io/netty/netty-handler-proxy/4.1.59.Final/netty-handler-proxy-4.1.59.Final-sources.jar
2021-02-24 16:45:24,621 [Worker-15: Download sources and javadoc] INFO  o.e.m.c.i.e.AbstractTransferListenerAdapter - Downloaded https://repo1.maven.org/maven2/io/netty/netty-handler-proxy/4.1.59.Final/netty-handler-proxy-4.1.59.Final-sources.jar
2021-02-24 16:45:24,623 [Worker-15: Download sources and javadoc] INFO  o.e.m.j.internal.DownloadSourcesJob - Downloaded sources for io.netty:netty-handler-proxy:4.1.59.Final
2021-02-24 16:45:24,731 [Worker-15: Download sources and javadoc] INFO  o.e.m.c.i.e.AbstractTransferListenerAdapter - Downloading https://repo1.maven.org/maven2/io/netty/netty-codec-socks/4.1.59.Final/netty-codec-socks-4.1.59.Final-sources.jar
2021-02-24 16:45:24,802 [Worker-15: Download sources and javadoc] INFO  o.e.m.c.i.e.AbstractTransferListenerAdapter - Downloaded https://repo1.maven.org/maven2/io/netty/netty-codec-socks/4.1.59.Final/netty-codec-socks-4.1.59.Final-sources.jar
2021-02-24 16:45:24,803 [Worker-15: Download sources and javadoc] INFO  o.e.m.j.internal.DownloadSourcesJob - Downloaded sources for io.netty:netty-codec-socks:4.1.59.Final
2021-02-24 16:45:24,901 [Worker-15: Download sources and javadoc] INFO  o.e.m.c.i.e.AbstractTransferListenerAdapter - Downloading https://repo1.maven.org/maven2/org/springframework/spring-webflux/5.3.4/spring-webflux-5.3.4-sources.jar
2021-02-24 16:45:25,316 [Worker-15: Download sources and javadoc] INFO  o.e.m.c.i.e.AbstractTransferListenerAdapter - Downloaded https://repo1.maven.org/maven2/org/springframework/spring-webflux/5.3.4/spring-webflux-5.3.4-sources.jar
2021-02-24 16:45:25,318 [Worker-15: Download sources and javadoc] INFO  o.e.m.j.internal.DownloadSourcesJob - Downloaded sources for org.springframework:spring-webflux:5.3.4
2021-02-24 16:45:25,486 [Worker-15: Download sources and javadoc] INFO  o.e.m.c.i.e.AbstractTransferListenerAdapter - Downloading https://repo1.maven.org/maven2/org/springframework/cloud/spring-cloud-starter-gateway/3.0.1/spring-cloud-starter-gateway-3.0.1-javadoc.jar
2021-02-24 16:45:25,700 [Worker-15: Download sources and javadoc] INFO  o.e.m.c.i.e.AbstractTransferListenerAdapter - Downloaded https://repo1.maven.org/maven2/org/springframework/cloud/spring-cloud-starter-gateway/3.0.1/spring-cloud-starter-gateway-3.0.1-javadoc.jar
2021-02-24 16:45:25,703 [Worker-15: Download sources and javadoc] INFO  o.e.m.j.internal.DownloadSourcesJob - Downloaded javadoc for org.springframework.cloud:spring-cloud-starter-gateway:3.0.1
2021-02-24 16:45:25,704 [Worker-15: Download sources and javadoc] INFO  o.e.m.j.internal.DownloadSourcesJob - Downloaded sources for org.springframework.cloud:spring-cloud-gateway-server:3.0.1
2021-02-24 16:45:25,706 [Worker-15: Download sources and javadoc] INFO  o.e.m.j.internal.DownloadSourcesJob - Downloaded sources for org.springframework.boot:spring-boot-starter-webflux:2.4.3
2021-02-24 16:45:25,708 [Worker-15: Download sources and javadoc] INFO  o.e.m.j.internal.DownloadSourcesJob - Downloaded sources for org.springframework.boot:spring-boot-starter-reactor-netty:2.4.3
2021-02-24 16:45:25,709 [Worker-15: Download sources and javadoc] INFO  o.e.m.j.internal.DownloadSourcesJob - Downloaded sources for io.projectreactor.netty:reactor-netty-http:1.0.4
2021-02-24 16:45:25,711 [Worker-15: Download sources and javadoc] INFO  o.e.m.j.internal.DownloadSourcesJob - Downloaded sources for io.netty:netty-codec-http:4.1.59.Final
2021-02-24 16:45:25,712 [Worker-15: Download sources and javadoc] INFO  o.e.m.j.internal.DownloadSourcesJob - Downloaded sources for io.netty:netty-common:4.1.59.Final
2021-02-24 16:45:25,714 [Worker-15: Download sources and javadoc] INFO  o.e.m.j.internal.DownloadSourcesJob - Downloaded sources for io.netty:netty-buffer:4.1.59.Final
2021-02-24 16:45:25,715 [Worker-15: Download sources and javadoc] INFO  o.e.m.j.internal.DownloadSourcesJob - Downloaded sources for io.netty:netty-transport:4.1.59.Final
2021-02-24 16:45:25,716 [Worker-15: Download sources and javadoc] INFO  o.e.m.j.internal.DownloadSourcesJob - Downloaded sources for io.netty:netty-codec:4.1.59.Final
2021-02-24 16:45:25,718 [Worker-15: Download sources and javadoc] INFO  o.e.m.j.internal.DownloadSourcesJob - Downloaded sources for io.netty:netty-handler:4.1.59.Final
2021-02-24 16:45:25,720 [Worker-15: Download sources and javadoc] INFO  o.e.m.j.internal.DownloadSourcesJob - Downloaded sources for io.netty:netty-codec-http2:4.1.59.Final
2021-02-24 16:45:25,721 [Worker-15: Download sources and javadoc] INFO  o.e.m.j.internal.DownloadSourcesJob - Downloaded sources for io.netty:netty-resolver-dns:4.1.59.Final
2021-02-24 16:45:25,723 [Worker-15: Download sources and javadoc] INFO  o.e.m.j.internal.DownloadSourcesJob - Downloaded sources for io.netty:netty-resolver:4.1.59.Final
2021-02-24 16:45:25,724 [Worker-15: Download sources and javadoc] INFO  o.e.m.j.internal.DownloadSourcesJob - Downloaded sources for io.netty:netty-codec-dns:4.1.59.Final
2021-02-24 16:45:25,726 [Worker-15: Download sources and javadoc] INFO  o.e.m.j.internal.DownloadSourcesJob - Downloaded sources for io.netty:netty-resolver-dns-native-macos:4.1.59.Final:osx-x86_64
2021-02-24 16:45:25,728 [Worker-15: Download sources and javadoc] INFO  o.e.m.j.internal.DownloadSourcesJob - Downloaded sources for io.netty:netty-transport-native-unix-common:4.1.59.Final
2021-02-24 16:45:25,729 [Worker-15: Download sources and javadoc] INFO  o.e.m.j.internal.DownloadSourcesJob - Downloaded sources for io.netty:netty-transport-native-epoll:4.1.59.Final:linux-x86_64
2021-02-24 16:45:25,731 [Worker-15: Download sources and javadoc] INFO  o.e.m.j.internal.DownloadSourcesJob - Downloaded sources for io.projectreactor.netty:reactor-netty-core:1.0.4
2021-02-24 16:45:25,733 [Worker-15: Download sources and javadoc] INFO  o.e.m.j.internal.DownloadSourcesJob - Downloaded sources for io.netty:netty-handler-proxy:4.1.59.Final
2021-02-24 16:45:25,735 [Worker-15: Download sources and javadoc] INFO  o.e.m.j.internal.DownloadSourcesJob - Downloaded sources for io.netty:netty-codec-socks:4.1.59.Final
2021-02-24 16:45:25,736 [Worker-15: Download sources and javadoc] INFO  o.e.m.j.internal.DownloadSourcesJob - Downloaded sources for org.springframework:spring-webflux:5.3.4
2021-02-24 16:45:25,739 [Worker-15: Download sources and javadoc] INFO  o.e.m.j.internal.DownloadSourcesJob - Downloaded sources for org.springframework.boot:spring-boot-starter-reactor-netty:2.4.3
2021-02-24 16:45:25,741 [Worker-15: Download sources and javadoc] INFO  o.e.m.j.internal.DownloadSourcesJob - Downloaded sources for io.projectreactor.netty:reactor-netty-http:1.0.4
2021-02-24 16:45:25,743 [Worker-15: Download sources and javadoc] INFO  o.e.m.j.internal.DownloadSourcesJob - Downloaded sources for io.netty:netty-codec-http:4.1.59.Final
2021-02-24 16:45:25,744 [Worker-15: Download sources and javadoc] INFO  o.e.m.j.internal.DownloadSourcesJob - Downloaded sources for io.netty:netty-common:4.1.59.Final
2021-02-24 16:45:25,746 [Worker-15: Download sources and javadoc] INFO  o.e.m.j.internal.DownloadSourcesJob - Downloaded sources for io.netty:netty-buffer:4.1.59.Final
2021-02-24 16:45:25,748 [Worker-15: Download sources and javadoc] INFO  o.e.m.j.internal.DownloadSourcesJob - Downloaded sources for io.netty:netty-transport:4.1.59.Final
2021-02-24 16:45:25,750 [Worker-15: Download sources and javadoc] INFO  o.e.m.j.internal.DownloadSourcesJob - Downloaded sources for io.netty:netty-codec:4.1.59.Final
2021-02-24 16:45:25,751 [Worker-15: Download sources and javadoc] INFO  o.e.m.j.internal.DownloadSourcesJob - Downloaded sources for io.netty:netty-handler:4.1.59.Final
2021-02-24 16:45:25,753 [Worker-15: Download sources and javadoc] INFO  o.e.m.j.internal.DownloadSourcesJob - Downloaded sources for io.netty:netty-codec-http2:4.1.59.Final
2021-02-24 16:45:25,755 [Worker-15: Download sources and javadoc] INFO  o.e.m.j.internal.DownloadSourcesJob - Downloaded sources for io.netty:netty-resolver-dns:4.1.59.Final
2021-02-24 16:45:25,757 [Worker-15: Download sources and javadoc] INFO  o.e.m.j.internal.DownloadSourcesJob - Downloaded sources for io.netty:netty-resolver:4.1.59.Final
2021-02-24 16:45:25,759 [Worker-15: Download sources and javadoc] INFO  o.e.m.j.internal.DownloadSourcesJob - Downloaded sources for io.netty:netty-codec-dns:4.1.59.Final
2021-02-24 16:45:25,760 [Worker-15: Download sources and javadoc] INFO  o.e.m.j.internal.DownloadSourcesJob - Downloaded sources for io.netty:netty-resolver-dns-native-macos:4.1.59.Final:osx-x86_64
2021-02-24 16:45:25,762 [Worker-15: Download sources and javadoc] INFO  o.e.m.j.internal.DownloadSourcesJob - Downloaded sources for io.netty:netty-transport-native-unix-common:4.1.59.Final
2021-02-24 16:45:25,763 [Worker-15: Download sources and javadoc] INFO  o.e.m.j.internal.DownloadSourcesJob - Downloaded sources for io.netty:netty-transport-native-epoll:4.1.59.Final:linux-x86_64
2021-02-24 16:45:25,765 [Worker-15: Download sources and javadoc] INFO  o.e.m.j.internal.DownloadSourcesJob - Downloaded sources for io.projectreactor.netty:reactor-netty-core:1.0.4
2021-02-24 16:45:25,767 [Worker-15: Download sources and javadoc] INFO  o.e.m.j.internal.DownloadSourcesJob - Downloaded sources for io.netty:netty-handler-proxy:4.1.59.Final
2021-02-24 16:45:25,768 [Worker-15: Download sources and javadoc] INFO  o.e.m.j.internal.DownloadSourcesJob - Downloaded sources for io.netty:netty-codec-socks:4.1.59.Final
2021-02-24 16:45:25,770 [Worker-15: Download sources and javadoc] INFO  o.e.m.j.internal.DownloadSourcesJob - Downloaded sources for org.springframework:spring-webflux:5.3.4
2021-02-24 16:45:25,773 [Worker-15: Download sources and javadoc] INFO  o.e.m.j.internal.DownloadSourcesJob - Downloaded sources for org.springframework.boot:spring-boot-starter-reactor-netty:2.4.3
2021-02-24 16:45:25,775 [Worker-15: Download sources and javadoc] INFO  o.e.m.j.internal.DownloadSourcesJob - Downloaded sources for io.projectreactor.netty:reactor-netty-http:1.0.4
2021-02-24 16:45:25,777 [Worker-15: Download sources and javadoc] INFO  o.e.m.j.internal.DownloadSourcesJob - Downloaded sources for io.netty:netty-codec-http:4.1.59.Final
2021-02-24 16:45:25,778 [Worker-15: Download sources and javadoc] INFO  o.e.m.j.internal.DownloadSourcesJob - Downloaded sources for io.netty:netty-common:4.1.59.Final
2021-02-24 16:45:25,780 [Worker-15: Download sources and javadoc] INFO  o.e.m.j.internal.DownloadSourcesJob - Downloaded sources for io.netty:netty-buffer:4.1.59.Final
2021-02-24 16:45:25,781 [Worker-15: Download sources and javadoc] INFO  o.e.m.j.internal.DownloadSourcesJob - Downloaded sources for io.netty:netty-transport:4.1.59.Final
2021-02-24 16:45:25,783 [Worker-15: Download sources and javadoc] INFO  o.e.m.j.internal.DownloadSourcesJob - Downloaded sources for io.netty:netty-codec:4.1.59.Final
2021-02-24 16:45:25,784 [Worker-15: Download sources and javadoc] INFO  o.e.m.j.internal.DownloadSourcesJob - Downloaded sources for io.netty:netty-handler:4.1.59.Final
2021-02-24 16:45:25,786 [Worker-15: Download sources and javadoc] INFO  o.e.m.j.internal.DownloadSourcesJob - Downloaded sources for io.netty:netty-codec-http2:4.1.59.Final
2021-02-24 16:45:25,788 [Worker-15: Download sources and javadoc] INFO  o.e.m.j.internal.DownloadSourcesJob - Downloaded sources for io.netty:netty-resolver-dns:4.1.59.Final
2021-02-24 16:45:25,789 [Worker-15: Download sources and javadoc] INFO  o.e.m.j.internal.DownloadSourcesJob - Downloaded sources for io.netty:netty-resolver:4.1.59.Final
2021-02-24 16:45:25,791 [Worker-15: Download sources and javadoc] INFO  o.e.m.j.internal.DownloadSourcesJob - Downloaded sources for io.netty:netty-codec-dns:4.1.59.Final
2021-02-24 16:45:25,793 [Worker-15: Download sources and javadoc] INFO  o.e.m.j.internal.DownloadSourcesJob - Downloaded sources for io.netty:netty-resolver-dns-native-macos:4.1.59.Final:osx-x86_64
2021-02-24 16:45:25,795 [Worker-15: Download sources and javadoc] INFO  o.e.m.j.internal.DownloadSourcesJob - Downloaded sources for io.netty:netty-transport-native-unix-common:4.1.59.Final
2021-02-24 16:45:25,798 [Worker-15: Download sources and javadoc] INFO  o.e.m.j.internal.DownloadSourcesJob - Downloaded sources for io.netty:netty-transport-native-epoll:4.1.59.Final:linux-x86_64
2021-02-24 16:45:25,799 [Worker-15: Download sources and javadoc] INFO  o.e.m.j.internal.DownloadSourcesJob - Downloaded sources for io.projectreactor.netty:reactor-netty-core:1.0.4
2021-02-24 16:45:25,801 [Worker-15: Download sources and javadoc] INFO  o.e.m.j.internal.DownloadSourcesJob - Downloaded sources for io.netty:netty-handler-proxy:4.1.59.Final
2021-02-24 16:45:25,802 [Worker-15: Download sources and javadoc] INFO  o.e.m.j.internal.DownloadSourcesJob - Downloaded sources for io.netty:netty-codec-socks:4.1.59.Final
2021-02-24 16:45:25,804 [Worker-15: Download sources and javadoc] INFO  o.e.m.j.internal.DownloadSourcesJob - Downloaded sources for org.springframework:spring-webflux:5.3.4
2021-02-24 16:45:26,102 [Worker-15: Building] INFO  o.e.m.c.i.embedder.EclipseLogger - Using 'UTF-8' encoding to copy filtered resources.
2021-02-24 16:45:26,102 [Worker-15: Building] INFO  o.e.m.c.i.embedder.EclipseLogger - Using 'UTF-8' encoding to copy filtered properties files.
2021-02-24 16:45:26,103 [Worker-15: Building] INFO  o.e.m.c.i.embedder.EclipseLogger - Copying 0 resource
2021-02-24 16:45:26,103 [Worker-15: Building] INFO  o.e.m.c.i.embedder.EclipseLogger - Copying 0 resource
2021-02-24 16:45:26,104 [Worker-15: Building] INFO  o.e.m.c.i.embedder.EclipseLogger - Using 'UTF-8' encoding to copy filtered resources.
2021-02-24 16:45:26,105 [Worker-15: Building] INFO  o.e.m.c.i.embedder.EclipseLogger - Using 'UTF-8' encoding to copy filtered properties files.
2021-02-24 16:45:26,105 [Worker-15: Building] INFO  o.e.m.c.i.embedder.EclipseLogger - skip non existing resourceDirectory /Users/vgovindarajalu/Desktop/git/java/SampleProjects/ApiGateway/api-gateway/src/test/resources
2021-02-24 16:45:28,417 [Worker-17: Building] INFO  o.e.m.c.i.embedder.EclipseLogger - Using 'UTF-8' encoding to copy filtered resources.
2021-02-24 16:45:28,417 [Worker-17: Building] INFO  o.e.m.c.i.embedder.EclipseLogger - Using 'UTF-8' encoding to copy filtered properties files.
2021-02-24 16:45:28,418 [Worker-17: Building] INFO  o.e.m.c.i.embedder.EclipseLogger - Copying 0 resource
2021-02-24 16:45:28,418 [Worker-17: Building] INFO  o.e.m.c.i.embedder.EclipseLogger - Copying 0 resource
2021-02-24 16:45:28,420 [Worker-17: Building] INFO  o.e.m.c.i.embedder.EclipseLogger - Using 'UTF-8' encoding to copy filtered resources.
2021-02-24 16:45:28,420 [Worker-17: Building] INFO  o.e.m.c.i.embedder.EclipseLogger - Using 'UTF-8' encoding to copy filtered properties files.
2021-02-24 16:45:28,420 [Worker-17: Building] INFO  o.e.m.c.i.embedder.EclipseLogger - skip non existing resourceDirectory /Users/vgovindarajalu/Desktop/git/java/SampleProjects/ApiGateway/api-gateway/src/test/resources
2021-02-24 16:45:55,286 [Worker-15: Building] INFO  o.e.m.c.i.embedder.EclipseLogger - Using 'UTF-8' encoding to copy filtered resources.
2021-02-24 16:45:55,286 [Worker-15: Building] INFO  o.e.m.c.i.embedder.EclipseLogger - Using 'UTF-8' encoding to copy filtered properties files.
2021-02-24 16:45:55,288 [Worker-15: Building] INFO  o.e.m.c.i.embedder.EclipseLogger - Copying 1 resource
2021-02-24 16:45:55,294 [Worker-15: Building] INFO  o.e.m.c.i.embedder.EclipseLogger - Copying 0 resource
2021-02-24 16:45:55,295 [Worker-15: Building] INFO  o.e.m.c.i.embedder.EclipseLogger - Using 'UTF-8' encoding to copy filtered resources.
2021-02-24 16:45:55,295 [Worker-15: Building] INFO  o.e.m.c.i.embedder.EclipseLogger - Using 'UTF-8' encoding to copy filtered properties files.
2021-02-24 16:45:55,295 [Worker-15: Building] INFO  o.e.m.c.i.embedder.EclipseLogger - skip non existing resourceDirectory /Users/vgovindarajalu/Desktop/git/java/SampleProjects/ApiGateway/api-gateway/src/test/resources
2021-02-24 16:46:07,282 [Worker-16: Building] INFO  o.e.m.c.i.embedder.EclipseLogger - Using 'UTF-8' encoding to copy filtered resources.
2021-02-24 16:46:07,282 [Worker-16: Building] INFO  o.e.m.c.i.embedder.EclipseLogger - Using 'UTF-8' encoding to copy filtered properties files.
2021-02-24 16:46:07,284 [Worker-16: Building] INFO  o.e.m.c.i.embedder.EclipseLogger - Copying 1 resource
2021-02-24 16:46:07,285 [Worker-16: Building] INFO  o.e.m.c.i.embedder.EclipseLogger - Copying 0 resource
2021-02-24 16:46:07,286 [Worker-16: Building] INFO  o.e.m.c.i.embedder.EclipseLogger - Using 'UTF-8' encoding to copy filtered resources.
2021-02-24 16:46:07,286 [Worker-16: Building] INFO  o.e.m.c.i.embedder.EclipseLogger - Using 'UTF-8' encoding to copy filtered properties files.
2021-02-24 16:46:07,286 [Worker-16: Building] INFO  o.e.m.c.i.embedder.EclipseLogger - skip non existing resourceDirectory /Users/vgovindarajalu/Desktop/git/java/SampleProjects/ApiGateway/api-gateway/src/test/resources
2021-02-24 16:48:33,568 [Worker-16: Building] INFO  o.e.m.c.i.embedder.EclipseLogger - Using 'UTF-8' encoding to copy filtered resources.
2021-02-24 16:48:33,568 [Worker-16: Building] INFO  o.e.m.c.i.embedder.EclipseLogger - Using 'UTF-8' encoding to copy filtered properties files.
2021-02-24 16:48:33,568 [Worker-16: Building] INFO  o.e.m.c.i.embedder.EclipseLogger - Copying 1 resource
2021-02-24 16:48:33,582 [Worker-16: Building] INFO  o.e.m.c.i.embedder.EclipseLogger - Using 'UTF-8' encoding to copy filtered resources.
2021-02-24 16:48:33,582 [Worker-16: Building] INFO  o.e.m.c.i.embedder.EclipseLogger - Using 'UTF-8' encoding to copy filtered properties files.
2021-02-24 16:48:33,582 [Worker-16: Building] INFO  o.e.m.c.i.embedder.EclipseLogger - skip non existing resourceDirectory /Users/vgovindarajalu/Desktop/git/java/SampleProjects/ApiGateway/api-gateway/src/test/resources
2021-02-24 16:48:44,295 [Worker-4: Building] INFO  o.e.m.c.i.embedder.EclipseLogger - Using 'UTF-8' encoding to copy filtered resources.
2021-02-24 16:48:44,295 [Worker-4: Building] INFO  o.e.m.c.i.embedder.EclipseLogger - Using 'UTF-8' encoding to copy filtered properties files.
2021-02-24 16:48:44,296 [Worker-4: Building] INFO  o.e.m.c.i.embedder.EclipseLogger - Copying 2 resources
2021-02-24 16:48:44,306 [Worker-4: Building] INFO  o.e.m.c.i.embedder.EclipseLogger - Copying 0 resource
2021-02-24 16:48:44,308 [Worker-4: Building] INFO  o.e.m.c.i.embedder.EclipseLogger - Using 'UTF-8' encoding to copy filtered resources.
2021-02-24 16:48:44,308 [Worker-4: Building] INFO  o.e.m.c.i.embedder.EclipseLogger - Using 'UTF-8' encoding to copy filtered properties files.
2021-02-24 16:48:44,308 [Worker-4: Building] INFO  o.e.m.c.i.embedder.EclipseLogger - skip non existing resourceDirectory /Users/vgovindarajalu/Desktop/git/java/SampleProjects/ApiGateway/api-gateway/src/test/resources
2021-02-24 16:49:38,017 [Worker-18: Building] INFO  o.e.m.c.i.embedder.EclipseLogger - Using 'UTF-8' encoding to copy filtered resources.
2021-02-24 16:49:38,018 [Worker-18: Building] INFO  o.e.m.c.i.embedder.EclipseLogger - Using 'UTF-8' encoding to copy filtered properties files.
2021-02-24 16:49:38,018 [Worker-18: Building] INFO  o.e.m.c.i.embedder.EclipseLogger - Copying 1 resource
2021-02-24 16:49:38,028 [Worker-18: Building] INFO  o.e.m.c.i.embedder.EclipseLogger - Copying 0 resource
2021-02-24 16:49:38,031 [Worker-18: Building] INFO  o.e.m.c.i.embedder.EclipseLogger - Using 'UTF-8' encoding to copy filtered resources.
2021-02-24 16:49:38,031 [Worker-18: Building] INFO  o.e.m.c.i.embedder.EclipseLogger - Using 'UTF-8' encoding to copy filtered properties files.
2021-02-24 16:49:38,031 [Worker-18: Building] INFO  o.e.m.c.i.embedder.EclipseLogger - skip non existing resourceDirectory /Users/vgovindarajalu/Desktop/git/java/SampleProjects/ApiGateway/api-gateway/src/test/resources
2021-02-24 16:55:56,308 [Worker-19: Building] INFO  o.e.m.c.i.embedder.EclipseLogger - Using 'UTF-8' encoding to copy filtered resources.
2021-02-24 16:55:56,309 [Worker-19: Building] INFO  o.e.m.c.i.embedder.EclipseLogger - Using 'UTF-8' encoding to copy filtered properties files.
2021-02-24 16:55:56,310 [Worker-19: Building] INFO  o.e.m.c.i.embedder.EclipseLogger - Copying 1 resource
2021-02-24 16:55:56,356 [Worker-19: Building] INFO  o.e.m.c.i.embedder.EclipseLogger - Copying 0 resource
2021-02-24 16:55:56,358 [Worker-19: Building] INFO  o.e.m.c.i.embedder.EclipseLogger - Using 'UTF-8' encoding to copy filtered resources.
2021-02-24 16:55:56,358 [Worker-19: Building] INFO  o.e.m.c.i.embedder.EclipseLogger - Using 'UTF-8' encoding to copy filtered properties files.
2021-02-24 16:55:56,358 [Worker-19: Building] INFO  o.e.m.c.i.embedder.EclipseLogger - skip non existing resourceDirectory /Users/vgovindarajalu/Desktop/git/java/SampleProjects/ApiGateway/api-gateway/src/test/resources
2021-02-25 06:55:29,392 [Worker-28: Building] INFO  o.e.m.c.i.l.LifecycleMappingFactory - Using org.eclipse.m2e.jdt.JarLifecycleMapping lifecycle mapping for MavenProject: com.example:api-gateway:0.0.1-SNAPSHOT @ /Users/vgovindarajalu/Desktop/git/java/SampleProjects/ApiGateway/api-gateway/pom.xml.
2021-02-25 06:56:36,560 [Worker-29: Updating Maven Project] INFO  o.e.m.c.i.p.ProjectConfigurationManager - Update started
2021-02-25 06:56:37,049 [Worker-29: Updating Maven Project] INFO  o.e.m.c.i.l.LifecycleMappingFactory - Using org.eclipse.m2e.jdt.JarLifecycleMapping lifecycle mapping for MavenProject: com.example:api-gateway:0.0.1-SNAPSHOT @ /Users/vgovindarajalu/Desktop/git/java/SampleProjects/ApiGateway/api-gateway/pom.xml.
2021-02-25 06:56:37,808 [Worker-29: Updating Maven Project] INFO  o.e.m.j.i.AbstractJavaProjectConfigurator - Adding resource folder /api-gateway/src/main/resources
2021-02-25 06:56:37,809 [Worker-29: Updating Maven Project] INFO  o.e.m.j.i.AbstractJavaProjectConfigurator - Adding resource folder /api-gateway/src/main/resources
2021-02-25 06:56:38,236 [Worker-29: Updating Maven Project] INFO  o.e.m.c.i.p.ProjectConfigurationManager - Update completed: 1 sec
2021-02-25 06:56:56,792 [Worker-29: Loading pom.xml] ERROR o.e.m.editor.pom.DependencyTreePage - Could not read maven project
org.eclipse.core.runtime.CoreException: Could not read maven project
	at org.eclipse.m2e.core.internal.project.registry.ProjectRegistryManager.readProjectWithDependencies(ProjectRegistryManager.java:850)
	at org.eclipse.m2e.core.internal.project.registry.ProjectRegistryManager.lambda$22(ProjectRegistryManager.java:1069)
	at com.google.common.cache.LocalCache$LocalManualCache$1.load(LocalCache.java:4878)
	at com.google.common.cache.LocalCache$LoadingValueReference.loadFuture(LocalCache.java:3529)
	at com.google.common.cache.LocalCache$Segment.loadSync(LocalCache.java:2278)
	at com.google.common.cache.LocalCache$Segment.lockedGetOrLoad(LocalCache.java:2155)
	at com.google.common.cache.LocalCache$Segment.get(LocalCache.java:2045)
	at com.google.common.cache.LocalCache.get(LocalCache.java:3953)
	at com.google.common.cache.LocalCache$LocalManualCache.get(LocalCache.java:4873)
	at org.eclipse.m2e.core.internal.project.registry.ProjectRegistryManager.getMavenProject(ProjectRegistryManager.java:1068)
	at org.eclipse.m2e.core.internal.project.registry.MavenProjectFacade.getMavenProject(MavenProjectFacade.java:243)
	at org.eclipse.m2e.core.internal.project.registry.MavenProjectManager.lambda$0(MavenProjectManager.java:123)
	at org.eclipse.m2e.core.internal.embedder.MavenExecutionContext.executeBare(MavenExecutionContext.java:179)
	at org.eclipse.m2e.core.internal.embedder.MavenExecutionContext.execute(MavenExecutionContext.java:153)
	at org.eclipse.m2e.core.internal.embedder.MavenExecutionContext.execute(MavenExecutionContext.java:101)
	at org.eclipse.m2e.core.internal.project.registry.MavenProjectManager.execute(MavenProjectManager.java:123)
	at org.eclipse.m2e.core.embedder.MavenModelManager.readDependencyTree(MavenModelManager.java:203)
	at org.eclipse.m2e.editor.pom.MavenPomEditor.readDependencyTree(MavenPomEditor.java:589)
	at org.eclipse.m2e.editor.pom.DependencyTreePage$1.run(DependencyTreePage.java:224)
	at org.eclipse.core.internal.jobs.Worker.run(Worker.java:63)
2021-02-25 07:16:00,360 [Worker-35: Building] INFO  o.e.m.c.i.l.LifecycleMappingFactory - Using org.eclipse.m2e.jdt.JarLifecycleMapping lifecycle mapping for MavenProject: com.example:api-gateway:0.0.1-SNAPSHOT @ /Users/vgovindarajalu/Desktop/git/java/SampleProjects/ApiGateway/api-gateway/pom.xml.
2021-02-25 07:16:01,638 [Worker-35: Building] INFO  o.e.m.c.i.embedder.EclipseLogger - Using 'UTF-8' encoding to copy filtered resources.
2021-02-25 07:16:01,638 [Worker-35: Building] INFO  o.e.m.c.i.embedder.EclipseLogger - Using 'UTF-8' encoding to copy filtered properties files.
2021-02-25 07:16:01,638 [Worker-35: Building] INFO  o.e.m.c.i.embedder.EclipseLogger - Copying 2 resources
2021-02-25 07:16:01,656 [Worker-35: Building] INFO  o.e.m.c.i.embedder.EclipseLogger - Copying 0 resource
2021-02-25 07:16:01,657 [Worker-35: Building] INFO  o.e.m.c.i.embedder.EclipseLogger - Using 'UTF-8' encoding to copy filtered resources.
2021-02-25 07:16:01,657 [Worker-35: Building] INFO  o.e.m.c.i.embedder.EclipseLogger - Using 'UTF-8' encoding to copy filtered properties files.
2021-02-25 07:16:01,657 [Worker-35: Building] INFO  o.e.m.c.i.embedder.EclipseLogger - skip non existing resourceDirectory /Users/vgovindarajalu/Desktop/git/java/SampleProjects/ApiGateway/api-gateway/src/test/resources
2021-02-25 07:16:02,741 [Worker-38: Building] INFO  o.e.m.c.i.embedder.EclipseLogger - Using 'UTF-8' encoding to copy filtered resources.
2021-02-25 07:16:02,741 [Worker-38: Building] INFO  o.e.m.c.i.embedder.EclipseLogger - Using 'UTF-8' encoding to copy filtered properties files.
2021-02-25 07:16:02,742 [Worker-38: Building] INFO  o.e.m.c.i.embedder.EclipseLogger - Copying 2 resources
2021-02-25 07:16:02,744 [Worker-38: Building] INFO  o.e.m.c.i.embedder.EclipseLogger - Copying 0 resource
2021-02-25 07:16:02,746 [Worker-38: Building] INFO  o.e.m.c.i.embedder.EclipseLogger - Using 'UTF-8' encoding to copy filtered resources.
2021-02-25 07:16:02,746 [Worker-38: Building] INFO  o.e.m.c.i.embedder.EclipseLogger - Using 'UTF-8' encoding to copy filtered properties files.
2021-02-25 07:16:02,746 [Worker-38: Building] INFO  o.e.m.c.i.embedder.EclipseLogger - skip non existing resourceDirectory /Users/vgovindarajalu/Desktop/git/java/SampleProjects/ApiGateway/api-gateway/src/test/resources
2021-02-25 07:16:02,768 [Worker-37: Download sources and javadoc] INFO  o.e.m.c.i.e.AbstractTransferListenerAdapter - Downloaded https://repo1.maven.org/maven2/org/springframework/cloud/spring-cloud-starter-netflix-hystrix/2.2.7.RELEASE/spring-cloud-starter-netflix-hystrix-2.2.7.RELEASE-sources.jar
2021-02-25 07:16:02,769 [Worker-37: Download sources and javadoc] ERROR o.e.m.j.internal.DownloadSourcesJob - Could not download sources for org.springframework.cloud:spring-cloud-starter-netflix-hystrix:2.2.7.RELEASE
org.eclipse.core.runtime.CoreException: Could not resolve artifact org.springframework.cloud:spring-cloud-starter-netflix-hystrix:jar:sources:2.2.7.RELEASE
	at org.eclipse.m2e.core.internal.embedder.MavenImpl.lambda$4(MavenImpl.java:804)
	at org.eclipse.m2e.core.internal.embedder.MavenExecutionContext.executeBare(MavenExecutionContext.java:179)
	at org.eclipse.m2e.core.internal.embedder.MavenExecutionContext.execute(MavenExecutionContext.java:114)
	at org.eclipse.m2e.core.internal.embedder.MavenExecutionContext.execute(MavenExecutionContext.java:101)
	at org.eclipse.m2e.core.internal.embedder.MavenImpl.resolve(MavenImpl.java:772)
	at org.eclipse.m2e.core.internal.embedder.MavenImpl.resolve(MavenImpl.java:749)
	at org.eclipse.m2e.jdt.internal.DownloadSourcesJob.download(DownloadSourcesJob.java:330)
	at org.eclipse.m2e.jdt.internal.DownloadSourcesJob.downloadAttachments(DownloadSourcesJob.java:304)
	at org.eclipse.m2e.jdt.internal.DownloadSourcesJob.downloadMaven(DownloadSourcesJob.java:269)
	at org.eclipse.m2e.jdt.internal.DownloadSourcesJob.downloadFilesAndPopulateToUpdate(DownloadSourcesJob.java:233)
	at org.eclipse.m2e.jdt.internal.DownloadSourcesJob.lambda$0(DownloadSourcesJob.java:161)
	at org.eclipse.m2e.core.internal.embedder.MavenExecutionContext.executeBare(MavenExecutionContext.java:179)
	at org.eclipse.m2e.core.internal.embedder.MavenExecutionContext.execute(MavenExecutionContext.java:153)
	at org.eclipse.m2e.core.internal.embedder.MavenExecutionContext.execute(MavenExecutionContext.java:101)
	at org.eclipse.m2e.core.internal.embedder.MavenImpl.execute(MavenImpl.java:1374)
	at org.eclipse.m2e.jdt.internal.DownloadSourcesJob.run(DownloadSourcesJob.java:161)
	at org.eclipse.core.internal.jobs.Worker.run(Worker.java:63)
2021-02-25 07:16:02,930 [Worker-37: Download sources and javadoc] INFO  o.e.m.c.i.e.AbstractTransferListenerAdapter - Downloading https://repo1.maven.org/maven2/org/springframework/cloud/spring-cloud-netflix-hystrix/2.2.7.RELEASE/spring-cloud-netflix-hystrix-2.2.7.RELEASE-sources.jar
2021-02-25 07:16:03,021 [Worker-37: Download sources and javadoc] INFO  o.e.m.c.i.e.AbstractTransferListenerAdapter - Downloaded https://repo1.maven.org/maven2/org/springframework/cloud/spring-cloud-netflix-hystrix/2.2.7.RELEASE/spring-cloud-netflix-hystrix-2.2.7.RELEASE-sources.jar
2021-02-25 07:16:03,023 [Worker-37: Download sources and javadoc] INFO  o.e.m.j.internal.DownloadSourcesJob - Downloaded sources for org.springframework.cloud:spring-cloud-netflix-hystrix:2.2.7.RELEASE
2021-02-25 07:16:03,179 [Worker-37: Download sources and javadoc] INFO  o.e.m.c.i.e.AbstractTransferListenerAdapter - Downloading https://repo1.maven.org/maven2/org/springframework/cloud/spring-cloud-netflix-ribbon/2.2.7.RELEASE/spring-cloud-netflix-ribbon-2.2.7.RELEASE-sources.jar
2021-02-25 07:16:03,298 [Worker-37: Download sources and javadoc] INFO  o.e.m.c.i.e.AbstractTransferListenerAdapter - Downloaded https://repo1.maven.org/maven2/org/springframework/cloud/spring-cloud-netflix-ribbon/2.2.7.RELEASE/spring-cloud-netflix-ribbon-2.2.7.RELEASE-sources.jar
2021-02-25 07:16:03,300 [Worker-37: Download sources and javadoc] INFO  o.e.m.j.internal.DownloadSourcesJob - Downloaded sources for org.springframework.cloud:spring-cloud-netflix-ribbon:2.2.7.RELEASE
2021-02-25 07:16:03,457 [Worker-37: Download sources and javadoc] INFO  o.e.m.c.i.e.AbstractTransferListenerAdapter - Downloading https://repo1.maven.org/maven2/org/springframework/cloud/spring-cloud-netflix-archaius/2.2.7.RELEASE/spring-cloud-netflix-archaius-2.2.7.RELEASE-sources.jar
2021-02-25 07:16:03,536 [Worker-37: Download sources and javadoc] INFO  o.e.m.c.i.e.AbstractTransferListenerAdapter - Downloaded https://repo1.maven.org/maven2/org/springframework/cloud/spring-cloud-netflix-archaius/2.2.7.RELEASE/spring-cloud-netflix-archaius-2.2.7.RELEASE-sources.jar
2021-02-25 07:16:03,543 [Worker-37: Download sources and javadoc] INFO  o.e.m.j.internal.DownloadSourcesJob - Downloaded sources for org.springframework.cloud:spring-cloud-netflix-archaius:2.2.7.RELEASE
2021-02-25 07:16:03,693 [Worker-37: Download sources and javadoc] INFO  o.e.m.c.i.e.AbstractTransferListenerAdapter - Downloaded https://repo1.maven.org/maven2/org/springframework/cloud/spring-cloud-starter-netflix-archaius/2.2.7.RELEASE/spring-cloud-starter-netflix-archaius-2.2.7.RELEASE-sources.jar
2021-02-25 07:16:03,697 [Worker-37: Download sources and javadoc] ERROR o.e.m.j.internal.DownloadSourcesJob - Could not download sources for org.springframework.cloud:spring-cloud-starter-netflix-archaius:2.2.7.RELEASE
org.eclipse.core.runtime.CoreException: Could not resolve artifact org.springframework.cloud:spring-cloud-starter-netflix-archaius:jar:sources:2.2.7.RELEASE
	at org.eclipse.m2e.core.internal.embedder.MavenImpl.lambda$4(MavenImpl.java:804)
	at org.eclipse.m2e.core.internal.embedder.MavenExecutionContext.executeBare(MavenExecutionContext.java:179)
	at org.eclipse.m2e.core.internal.embedder.MavenExecutionContext.execute(MavenExecutionContext.java:114)
	at org.eclipse.m2e.core.internal.embedder.MavenExecutionContext.execute(MavenExecutionContext.java:101)
	at org.eclipse.m2e.core.internal.embedder.MavenImpl.resolve(MavenImpl.java:772)
	at org.eclipse.m2e.core.internal.embedder.MavenImpl.resolve(MavenImpl.java:749)
	at org.eclipse.m2e.jdt.internal.DownloadSourcesJob.download(DownloadSourcesJob.java:330)
	at org.eclipse.m2e.jdt.internal.DownloadSourcesJob.downloadAttachments(DownloadSourcesJob.java:304)
	at org.eclipse.m2e.jdt.internal.DownloadSourcesJob.downloadMaven(DownloadSourcesJob.java:269)
	at org.eclipse.m2e.jdt.internal.DownloadSourcesJob.downloadFilesAndPopulateToUpdate(DownloadSourcesJob.java:233)
	at org.eclipse.m2e.jdt.internal.DownloadSourcesJob.lambda$0(DownloadSourcesJob.java:161)
	at org.eclipse.m2e.core.internal.embedder.MavenExecutionContext.executeBare(MavenExecutionContext.java:179)
	at org.eclipse.m2e.core.internal.embedder.MavenExecutionContext.execute(MavenExecutionContext.java:153)
	at org.eclipse.m2e.core.internal.embedder.MavenExecutionContext.execute(MavenExecutionContext.java:101)
	at org.eclipse.m2e.core.internal.embedder.MavenImpl.execute(MavenImpl.java:1374)
	at org.eclipse.m2e.jdt.internal.DownloadSourcesJob.run(DownloadSourcesJob.java:161)
	at org.eclipse.core.internal.jobs.Worker.run(Worker.java:63)
2021-02-25 07:16:03,865 [Worker-37: Download sources and javadoc] INFO  o.e.m.c.i.e.AbstractTransferListenerAdapter - Downloading https://repo1.maven.org/maven2/com/netflix/archaius/archaius-core/0.7.7/archaius-core-0.7.7-sources.jar
2021-02-25 07:16:04,018 [Worker-37: Download sources and javadoc] INFO  o.e.m.c.i.e.AbstractTransferListenerAdapter - Downloaded https://repo1.maven.org/maven2/com/netflix/archaius/archaius-core/0.7.7/archaius-core-0.7.7-sources.jar
2021-02-25 07:16:04,019 [Worker-37: Download sources and javadoc] INFO  o.e.m.j.internal.DownloadSourcesJob - Downloaded sources for com.netflix.archaius:archaius-core:0.7.7
2021-02-25 07:16:04,175 [Worker-37: Download sources and javadoc] INFO  o.e.m.c.i.e.AbstractTransferListenerAdapter - Downloading https://repo1.maven.org/maven2/com/netflix/hystrix/hystrix-serialization/1.5.18/hystrix-serialization-1.5.18-sources.jar
2021-02-25 07:16:04,197 [Worker-37: Download sources and javadoc] INFO  o.e.m.c.i.e.AbstractTransferListenerAdapter - Downloaded https://repo1.maven.org/maven2/com/netflix/hystrix/hystrix-serialization/1.5.18/hystrix-serialization-1.5.18-sources.jar
2021-02-25 07:16:04,199 [Worker-37: Download sources and javadoc] INFO  o.e.m.j.internal.DownloadSourcesJob - Downloaded sources for com.netflix.hystrix:hystrix-serialization:1.5.18
2021-02-25 07:16:04,356 [Worker-37: Download sources and javadoc] INFO  o.e.m.c.i.e.AbstractTransferListenerAdapter - Downloading https://repo1.maven.org/maven2/com/fasterxml/jackson/module/jackson-module-afterburner/2.11.4/jackson-module-afterburner-2.11.4-sources.jar
2021-02-25 07:16:04,471 [Worker-37: Download sources and javadoc] INFO  o.e.m.c.i.e.AbstractTransferListenerAdapter - Downloaded https://repo1.maven.org/maven2/com/fasterxml/jackson/module/jackson-module-afterburner/2.11.4/jackson-module-afterburner-2.11.4-sources.jar
2021-02-25 07:16:04,473 [Worker-37: Download sources and javadoc] INFO  o.e.m.j.internal.DownloadSourcesJob - Downloaded sources for com.fasterxml.jackson.module:jackson-module-afterburner:2.11.4
2021-02-25 07:16:04,567 [Worker-37: Download sources and javadoc] INFO  o.e.m.c.i.e.AbstractTransferListenerAdapter - Downloading https://repo1.maven.org/maven2/com/netflix/hystrix/hystrix-metrics-event-stream/1.5.18/hystrix-metrics-event-stream-1.5.18-sources.jar
2021-02-25 07:16:04,641 [Worker-37: Download sources and javadoc] INFO  o.e.m.c.i.e.AbstractTransferListenerAdapter - Downloaded https://repo1.maven.org/maven2/com/netflix/hystrix/hystrix-metrics-event-stream/1.5.18/hystrix-metrics-event-stream-1.5.18-sources.jar
2021-02-25 07:16:04,643 [Worker-37: Download sources and javadoc] INFO  o.e.m.j.internal.DownloadSourcesJob - Downloaded sources for com.netflix.hystrix:hystrix-metrics-event-stream:1.5.18
2021-02-25 07:16:04,821 [Worker-37: Download sources and javadoc] INFO  o.e.m.c.i.e.AbstractTransferListenerAdapter - Downloading https://repo1.maven.org/maven2/com/netflix/hystrix/hystrix-javanica/1.5.18/hystrix-javanica-1.5.18-sources.jar
2021-02-25 07:16:04,945 [Worker-37: Download sources and javadoc] INFO  o.e.m.c.i.e.AbstractTransferListenerAdapter - Downloaded https://repo1.maven.org/maven2/com/netflix/hystrix/hystrix-javanica/1.5.18/hystrix-javanica-1.5.18-sources.jar
2021-02-25 07:16:04,946 [Worker-37: Download sources and javadoc] INFO  o.e.m.j.internal.DownloadSourcesJob - Downloaded sources for com.netflix.hystrix:hystrix-javanica:1.5.18
2021-02-25 07:16:05,130 [Worker-37: Download sources and javadoc] INFO  o.e.m.c.i.e.AbstractTransferListenerAdapter - Downloading https://repo1.maven.org/maven2/org/apache/commons/commons-lang3/3.11/commons-lang3-3.11-sources.jar
2021-02-25 07:16:05,596 [Worker-37: Download sources and javadoc] INFO  o.e.m.c.i.e.AbstractTransferListenerAdapter - Downloaded https://repo1.maven.org/maven2/org/apache/commons/commons-lang3/3.11/commons-lang3-3.11-sources.jar
2021-02-25 07:16:05,598 [Worker-37: Download sources and javadoc] INFO  o.e.m.j.internal.DownloadSourcesJob - Downloaded sources for org.apache.commons:commons-lang3:3.11
2021-02-25 07:16:05,830 [Worker-37: Download sources and javadoc] INFO  o.e.m.c.i.e.AbstractTransferListenerAdapter - Downloading https://repo1.maven.org/maven2/com/google/guava/guava/15.0/guava-15.0-sources.jar
2021-02-25 07:16:06,739 [Worker-37: Download sources and javadoc] INFO  o.e.m.c.i.e.AbstractTransferListenerAdapter - Downloaded https://repo1.maven.org/maven2/com/google/guava/guava/15.0/guava-15.0-sources.jar
2021-02-25 07:16:06,741 [Worker-37: Download sources and javadoc] INFO  o.e.m.j.internal.DownloadSourcesJob - Downloaded sources for com.google.guava:guava:15.0
2021-02-25 07:16:06,859 [Worker-37: Download sources and javadoc] INFO  o.e.m.c.i.e.AbstractTransferListenerAdapter - Downloading https://repo1.maven.org/maven2/io/reactivex/rxjava-reactive-streams/1.2.1/rxjava-reactive-streams-1.2.1-sources.jar
2021-02-25 07:16:06,879 [Worker-37: Download sources and javadoc] INFO  o.e.m.c.i.e.AbstractTransferListenerAdapter - Downloaded https://repo1.maven.org/maven2/io/reactivex/rxjava-reactive-streams/1.2.1/rxjava-reactive-streams-1.2.1-sources.jar
2021-02-25 07:16:06,880 [Worker-37: Download sources and javadoc] INFO  o.e.m.j.internal.DownloadSourcesJob - Downloaded sources for io.reactivex:rxjava-reactive-streams:1.2.1
2021-02-25 07:16:07,159 [Worker-30: Building] INFO  o.e.m.c.i.embedder.EclipseLogger - Using 'UTF-8' encoding to copy filtered resources.
2021-02-25 07:16:07,159 [Worker-30: Building] INFO  o.e.m.c.i.embedder.EclipseLogger - Using 'UTF-8' encoding to copy filtered properties files.
2021-02-25 07:16:07,160 [Worker-30: Building] INFO  o.e.m.c.i.embedder.EclipseLogger - Copying 0 resource
2021-02-25 07:16:07,160 [Worker-30: Building] INFO  o.e.m.c.i.embedder.EclipseLogger - Copying 0 resource
2021-02-25 07:16:07,162 [Worker-30: Building] INFO  o.e.m.c.i.embedder.EclipseLogger - Using 'UTF-8' encoding to copy filtered resources.
2021-02-25 07:16:07,162 [Worker-30: Building] INFO  o.e.m.c.i.embedder.EclipseLogger - Using 'UTF-8' encoding to copy filtered properties files.
2021-02-25 07:16:07,162 [Worker-30: Building] INFO  o.e.m.c.i.embedder.EclipseLogger - skip non existing resourceDirectory /Users/vgovindarajalu/Desktop/git/java/SampleProjects/ApiGateway/api-gateway/src/test/resources
2021-02-25 07:16:08,143 [Worker-37: Download sources and javadoc] INFO  o.e.m.c.i.e.AbstractTransferListenerAdapter - Downloading https://repo1.maven.org/maven2/org/springframework/cloud/spring-cloud-starter-netflix-hystrix/2.2.7.RELEASE/spring-cloud-starter-netflix-hystrix-2.2.7.RELEASE-javadoc.jar
2021-02-25 07:16:08,214 [Worker-37: Download sources and javadoc] INFO  o.e.m.c.i.e.AbstractTransferListenerAdapter - Downloaded https://repo1.maven.org/maven2/org/springframework/cloud/spring-cloud-starter-netflix-hystrix/2.2.7.RELEASE/spring-cloud-starter-netflix-hystrix-2.2.7.RELEASE-javadoc.jar
2021-02-25 07:16:08,215 [Worker-37: Download sources and javadoc] INFO  o.e.m.j.internal.DownloadSourcesJob - Downloaded javadoc for org.springframework.cloud:spring-cloud-starter-netflix-hystrix:2.2.7.RELEASE
2021-02-25 07:16:08,361 [Worker-37: Download sources and javadoc] INFO  o.e.m.c.i.e.AbstractTransferListenerAdapter - Downloaded https://repo1.maven.org/maven2/org/springframework/cloud/spring-cloud-starter-netflix-archaius/2.2.7.RELEASE/spring-cloud-starter-netflix-archaius-2.2.7.RELEASE-javadoc.jar
2021-02-25 07:16:08,363 [Worker-37: Download sources and javadoc] ERROR o.e.m.j.internal.DownloadSourcesJob - Could not download javadoc for org.springframework.cloud:spring-cloud-starter-netflix-archaius:2.2.7.RELEASE
org.eclipse.core.runtime.CoreException: Could not resolve artifact org.springframework.cloud:spring-cloud-starter-netflix-archaius:jar:javadoc:2.2.7.RELEASE
	at org.eclipse.m2e.core.internal.embedder.MavenImpl.lambda$4(MavenImpl.java:804)
	at org.eclipse.m2e.core.internal.embedder.MavenExecutionContext.executeBare(MavenExecutionContext.java:179)
	at org.eclipse.m2e.core.internal.embedder.MavenExecutionContext.execute(MavenExecutionContext.java:114)
	at org.eclipse.m2e.core.internal.embedder.MavenExecutionContext.execute(MavenExecutionContext.java:101)
	at org.eclipse.m2e.core.internal.embedder.MavenImpl.resolve(MavenImpl.java:772)
	at org.eclipse.m2e.core.internal.embedder.MavenImpl.resolve(MavenImpl.java:749)
	at org.eclipse.m2e.jdt.internal.DownloadSourcesJob.download(DownloadSourcesJob.java:330)
	at org.eclipse.m2e.jdt.internal.DownloadSourcesJob.downloadAttachments(DownloadSourcesJob.java:316)
	at org.eclipse.m2e.jdt.internal.DownloadSourcesJob.downloadMaven(DownloadSourcesJob.java:269)
	at org.eclipse.m2e.jdt.internal.DownloadSourcesJob.downloadFilesAndPopulateToUpdate(DownloadSourcesJob.java:233)
	at org.eclipse.m2e.jdt.internal.DownloadSourcesJob.lambda$0(DownloadSourcesJob.java:161)
	at org.eclipse.m2e.core.internal.embedder.MavenExecutionContext.executeBare(MavenExecutionContext.java:179)
	at org.eclipse.m2e.core.internal.embedder.MavenExecutionContext.execute(MavenExecutionContext.java:153)
	at org.eclipse.m2e.core.internal.embedder.MavenExecutionContext.execute(MavenExecutionContext.java:101)
	at org.eclipse.m2e.core.internal.embedder.MavenImpl.execute(MavenImpl.java:1374)
	at org.eclipse.m2e.jdt.internal.DownloadSourcesJob.run(DownloadSourcesJob.java:161)
	at org.eclipse.core.internal.jobs.Worker.run(Worker.java:63)
2021-02-25 07:16:09,354 [Worker-36: Building] INFO  o.e.m.c.i.embedder.EclipseLogger - Using 'UTF-8' encoding to copy filtered resources.
2021-02-25 07:16:09,355 [Worker-36: Building] INFO  o.e.m.c.i.embedder.EclipseLogger - Using 'UTF-8' encoding to copy filtered properties files.
2021-02-25 07:16:09,355 [Worker-36: Building] INFO  o.e.m.c.i.embedder.EclipseLogger - Copying 0 resource
2021-02-25 07:16:09,355 [Worker-36: Building] INFO  o.e.m.c.i.embedder.EclipseLogger - Copying 0 resource
2021-02-25 07:16:09,356 [Worker-36: Building] INFO  o.e.m.c.i.embedder.EclipseLogger - Using 'UTF-8' encoding to copy filtered resources.
2021-02-25 07:16:09,356 [Worker-36: Building] INFO  o.e.m.c.i.embedder.EclipseLogger - Using 'UTF-8' encoding to copy filtered properties files.
2021-02-25 07:16:09,356 [Worker-36: Building] INFO  o.e.m.c.i.embedder.EclipseLogger - skip non existing resourceDirectory /Users/vgovindarajalu/Desktop/git/java/SampleProjects/ApiGateway/api-gateway/src/test/resources
2021-02-25 07:18:40,497 [Worker-35: Building] INFO  o.e.m.c.i.embedder.EclipseLogger - Using 'UTF-8' encoding to copy filtered resources.
2021-02-25 07:18:40,498 [Worker-35: Building] INFO  o.e.m.c.i.embedder.EclipseLogger - Using 'UTF-8' encoding to copy filtered properties files.
2021-02-25 07:18:40,498 [Worker-35: Building] INFO  o.e.m.c.i.embedder.EclipseLogger - Copying 0 resource
2021-02-25 07:18:40,498 [Worker-35: Building] INFO  o.e.m.c.i.embedder.EclipseLogger - Copying 1 resource
2021-02-25 07:18:40,501 [Worker-35: Building] INFO  o.e.m.c.i.embedder.EclipseLogger - Using 'UTF-8' encoding to copy filtered resources.
2021-02-25 07:18:40,501 [Worker-35: Building] INFO  o.e.m.c.i.embedder.EclipseLogger - Using 'UTF-8' encoding to copy filtered properties files.
2021-02-25 07:18:40,501 [Worker-35: Building] INFO  o.e.m.c.i.embedder.EclipseLogger - skip non existing resourceDirectory /Users/vgovindarajalu/Desktop/git/java/SampleProjects/ApiGateway/api-gateway/src/test/resources
2021-02-25 07:19:11,484 [Worker-23: Building] INFO  o.e.m.c.i.embedder.EclipseLogger - Using 'UTF-8' encoding to copy filtered resources.
2021-02-25 07:19:11,485 [Worker-23: Building] INFO  o.e.m.c.i.embedder.EclipseLogger - Using 'UTF-8' encoding to copy filtered properties files.
2021-02-25 07:19:11,485 [Worker-23: Building] INFO  o.e.m.c.i.embedder.EclipseLogger - Copying 0 resource
2021-02-25 07:19:11,485 [Worker-23: Building] INFO  o.e.m.c.i.embedder.EclipseLogger - Copying 1 resource
2021-02-25 07:19:11,487 [Worker-23: Building] INFO  o.e.m.c.i.embedder.EclipseLogger - Using 'UTF-8' encoding to copy filtered resources.
2021-02-25 07:19:11,487 [Worker-23: Building] INFO  o.e.m.c.i.embedder.EclipseLogger - Using 'UTF-8' encoding to copy filtered properties files.
2021-02-25 07:19:11,487 [Worker-23: Building] INFO  o.e.m.c.i.embedder.EclipseLogger - skip non existing resourceDirectory /Users/vgovindarajalu/Desktop/git/java/SampleProjects/ApiGateway/api-gateway/src/test/resources
2021-02-25 07:19:21,333 [Worker-23: Building] INFO  o.e.m.c.i.embedder.EclipseLogger - Using 'UTF-8' encoding to copy filtered resources.
2021-02-25 07:19:21,333 [Worker-23: Building] INFO  o.e.m.c.i.embedder.EclipseLogger - Using 'UTF-8' encoding to copy filtered properties files.
2021-02-25 07:19:21,333 [Worker-23: Building] INFO  o.e.m.c.i.embedder.EclipseLogger - Copying 0 resource
2021-02-25 07:19:21,333 [Worker-23: Building] INFO  o.e.m.c.i.embedder.EclipseLogger - Copying 0 resource
2021-02-25 07:19:21,335 [Worker-23: Building] INFO  o.e.m.c.i.embedder.EclipseLogger - Using 'UTF-8' encoding to copy filtered resources.
2021-02-25 07:19:21,335 [Worker-23: Building] INFO  o.e.m.c.i.embedder.EclipseLogger - Using 'UTF-8' encoding to copy filtered properties files.
2021-02-25 07:19:21,335 [Worker-23: Building] INFO  o.e.m.c.i.embedder.EclipseLogger - skip non existing resourceDirectory /Users/vgovindarajalu/Desktop/git/java/SampleProjects/ApiGateway/api-gateway/src/test/resources
2021-02-25 07:19:45,339 [Worker-39: Building] INFO  o.e.m.c.i.embedder.EclipseLogger - Using 'UTF-8' encoding to copy filtered resources.
2021-02-25 07:19:45,340 [Worker-39: Building] INFO  o.e.m.c.i.embedder.EclipseLogger - Using 'UTF-8' encoding to copy filtered properties files.
2021-02-25 07:19:45,340 [Worker-39: Building] INFO  o.e.m.c.i.embedder.EclipseLogger - Copying 0 resource
2021-02-25 07:19:45,340 [Worker-39: Building] INFO  o.e.m.c.i.embedder.EclipseLogger - Copying 0 resource
2021-02-25 07:19:45,342 [Worker-39: Building] INFO  o.e.m.c.i.embedder.EclipseLogger - Using 'UTF-8' encoding to copy filtered resources.
2021-02-25 07:19:45,342 [Worker-39: Building] INFO  o.e.m.c.i.embedder.EclipseLogger - Using 'UTF-8' encoding to copy filtered properties files.
2021-02-25 07:19:45,342 [Worker-39: Building] INFO  o.e.m.c.i.embedder.EclipseLogger - skip non existing resourceDirectory /Users/vgovindarajalu/Desktop/git/java/SampleProjects/ApiGateway/api-gateway/src/test/resources
2021-02-25 07:19:57,836 [Worker-39: Building] INFO  o.e.m.c.i.embedder.EclipseLogger - Using 'UTF-8' encoding to copy filtered resources.
2021-02-25 07:19:57,836 [Worker-39: Building] INFO  o.e.m.c.i.embedder.EclipseLogger - Using 'UTF-8' encoding to copy filtered properties files.
2021-02-25 07:19:57,836 [Worker-39: Building] INFO  o.e.m.c.i.embedder.EclipseLogger - Copying 0 resource
2021-02-25 07:19:57,836 [Worker-39: Building] INFO  o.e.m.c.i.embedder.EclipseLogger - Copying 1 resource
2021-02-25 07:19:57,838 [Worker-39: Building] INFO  o.e.m.c.i.embedder.EclipseLogger - Using 'UTF-8' encoding to copy filtered resources.
2021-02-25 07:19:57,839 [Worker-39: Building] INFO  o.e.m.c.i.embedder.EclipseLogger - Using 'UTF-8' encoding to copy filtered properties files.
2021-02-25 07:19:57,839 [Worker-39: Building] INFO  o.e.m.c.i.embedder.EclipseLogger - skip non existing resourceDirectory /Users/vgovindarajalu/Desktop/git/java/SampleProjects/ApiGateway/api-gateway/src/test/resources
2021-02-25 07:20:10,832 [Worker-39: Building] INFO  o.e.m.c.i.embedder.EclipseLogger - Using 'UTF-8' encoding to copy filtered resources.
2021-02-25 07:20:10,832 [Worker-39: Building] INFO  o.e.m.c.i.embedder.EclipseLogger - Using 'UTF-8' encoding to copy filtered properties files.
2021-02-25 07:20:10,833 [Worker-39: Building] INFO  o.e.m.c.i.embedder.EclipseLogger - Copying 0 resource
2021-02-25 07:20:10,833 [Worker-39: Building] INFO  o.e.m.c.i.embedder.EclipseLogger - Copying 0 resource
2021-02-25 07:20:10,834 [Worker-39: Building] INFO  o.e.m.c.i.embedder.EclipseLogger - Using 'UTF-8' encoding to copy filtered resources.
2021-02-25 07:20:10,834 [Worker-39: Building] INFO  o.e.m.c.i.embedder.EclipseLogger - Using 'UTF-8' encoding to copy filtered properties files.
2021-02-25 07:20:10,834 [Worker-39: Building] INFO  o.e.m.c.i.embedder.EclipseLogger - skip non existing resourceDirectory /Users/vgovindarajalu/Desktop/git/java/SampleProjects/ApiGateway/api-gateway/src/test/resources
2021-02-25 07:21:18,637 [Worker-42: Building] INFO  o.e.m.c.i.embedder.EclipseLogger - Using 'UTF-8' encoding to copy filtered resources.
2021-02-25 07:21:18,637 [Worker-42: Building] INFO  o.e.m.c.i.embedder.EclipseLogger - Using 'UTF-8' encoding to copy filtered properties files.
2021-02-25 07:21:18,637 [Worker-42: Building] INFO  o.e.m.c.i.embedder.EclipseLogger - Copying 0 resource
2021-02-25 07:21:18,637 [Worker-42: Building] INFO  o.e.m.c.i.embedder.EclipseLogger - Copying 1 resource
2021-02-25 07:21:18,638 [Worker-42: Building] INFO  o.e.m.c.i.embedder.EclipseLogger - Using 'UTF-8' encoding to copy filtered resources.
2021-02-25 07:21:18,638 [Worker-42: Building] INFO  o.e.m.c.i.embedder.EclipseLogger - Using 'UTF-8' encoding to copy filtered properties files.
2021-02-25 07:21:18,639 [Worker-42: Building] INFO  o.e.m.c.i.embedder.EclipseLogger - skip non existing resourceDirectory /Users/vgovindarajalu/Desktop/git/java/SampleProjects/ApiGateway/api-gateway/src/test/resources
2021-02-25 07:21:27,119 [Worker-42: Building] INFO  o.e.m.c.i.embedder.EclipseLogger - Using 'UTF-8' encoding to copy filtered resources.
2021-02-25 07:21:27,119 [Worker-42: Building] INFO  o.e.m.c.i.embedder.EclipseLogger - Using 'UTF-8' encoding to copy filtered properties files.
2021-02-25 07:21:27,119 [Worker-42: Building] INFO  o.e.m.c.i.embedder.EclipseLogger - Copying 0 resource
2021-02-25 07:21:27,119 [Worker-42: Building] INFO  o.e.m.c.i.embedder.EclipseLogger - Copying 0 resource
2021-02-25 07:21:27,121 [Worker-42: Building] INFO  o.e.m.c.i.embedder.EclipseLogger - Using 'UTF-8' encoding to copy filtered resources.
2021-02-25 07:21:27,121 [Worker-42: Building] INFO  o.e.m.c.i.embedder.EclipseLogger - Using 'UTF-8' encoding to copy filtered properties files.
2021-02-25 07:21:27,121 [Worker-42: Building] INFO  o.e.m.c.i.embedder.EclipseLogger - skip non existing resourceDirectory /Users/vgovindarajalu/Desktop/git/java/SampleProjects/ApiGateway/api-gateway/src/test/resources
2021-02-25 07:24:54,693 [Worker-39: Building] INFO  o.e.m.c.i.embedder.EclipseLogger - Using 'UTF-8' encoding to copy filtered resources.
2021-02-25 07:24:54,694 [Worker-39: Building] INFO  o.e.m.c.i.embedder.EclipseLogger - Using 'UTF-8' encoding to copy filtered properties files.
2021-02-25 07:24:54,694 [Worker-39: Building] INFO  o.e.m.c.i.embedder.EclipseLogger - Copying 0 resource
2021-02-25 07:24:54,694 [Worker-39: Building] INFO  o.e.m.c.i.embedder.EclipseLogger - Copying 0 resource
2021-02-25 07:24:54,695 [Worker-39: Building] INFO  o.e.m.c.i.embedder.EclipseLogger - Using 'UTF-8' encoding to copy filtered resources.
2021-02-25 07:24:54,695 [Worker-39: Building] INFO  o.e.m.c.i.embedder.EclipseLogger - Using 'UTF-8' encoding to copy filtered properties files.
2021-02-25 07:24:54,695 [Worker-39: Building] INFO  o.e.m.c.i.embedder.EclipseLogger - skip non existing resourceDirectory /Users/vgovindarajalu/Desktop/git/java/SampleProjects/ApiGateway/api-gateway/src/test/resources
2021-02-25 20:30:49,696 [Worker-0: Loading available Gradle versions] INFO  o.e.b.c.i.u.g.PublishedGradleVersions - Gradle version information cache is out-of-date. Trying to update.
